########### array before sorts ###########
0	0.000000	0.000000	130.000000	0.000000	n
1	130.000000	91.000000	0.000000	91.000000	n
2	0.000000	91.000000	0.000000	72.000000	n
3	0.000000	72.000000	-15.000000	72.000000	n
4	-15.000000	72.000000	-15.000000	57.000000	n
5	-15.000000	57.000000	0.000000	57.000000	n
6	0.000000	57.000000	0.000000	0.000000	n
7	130.000000	91.000000	130.000000	72.000000	n
8	130.000000	72.000000	145.000000	72.000000	n
9	145.000000	72.000000	145.000000	57.000000	n
10	145.000000	57.000000	130.000000	57.000000	n
11	130.000000	57.000000	130.000000	0.000000	n
12	34.798000	22.098000	111.760000	22.098000	n
13	111.760000	25.146000	34.544000	25.146000	n
14	111.760000	25.146000	111.760000	22.098000	n
15	34.544000	25.146000	34.798000	22.098000	n
16	36.093400	23.622000	36.080362	23.820922	n
17	36.080362	23.820922	36.041471	24.016440	n
18	36.041471	24.016440	35.889223	24.384000	n
19	35.889223	24.384000	35.647031	24.699631	n
20	35.647031	24.699631	35.331400	24.941823	n
21	35.331400	24.941823	34.963840	25.094071	n
22	34.963840	25.094071	34.569400	25.146000	n
23	34.569400	25.146000	34.174960	25.094071	n
24	34.174960	25.094071	33.807400	24.941823	n
25	33.807400	24.941823	33.491769	24.699631	n
26	33.491769	24.699631	33.249577	24.384000	n
27	33.249577	24.384000	33.097329	24.016440	n
28	33.097329	24.016440	33.045400	23.622000	n
29	33.045400	23.622000	33.097329	23.227560	n
30	33.097329	23.227560	33.249577	22.860000	n
31	33.249577	22.860000	33.491769	22.544369	n
32	33.491769	22.544369	33.807400	22.302177	n
33	33.807400	22.302177	34.174960	22.149929	n
34	34.174960	22.149929	34.569400	22.098000	n
35	34.569400	22.098000	34.963840	22.149929	n
36	34.963840	22.149929	35.331400	22.302177	n
37	35.331400	22.302177	35.647031	22.544369	n
38	35.647031	22.544369	35.889223	22.860000	n
39	35.889223	22.860000	36.041471	23.227560	n
40	36.041471	23.227560	36.093400	23.622000	n
41	113.309400	23.622000	113.296362	23.820922	n
42	113.296362	23.820922	113.257471	24.016440	n
43	113.257471	24.016440	113.105223	24.384000	n
44	113.105223	24.384000	112.863031	24.699631	n
45	112.863031	24.699631	112.547400	24.941823	n
46	112.547400	24.941823	112.179840	25.094071	n
47	112.179840	25.094071	111.785400	25.146000	n
48	111.785400	25.146000	111.390960	25.094071	n
49	111.390960	25.094071	111.023400	24.941823	n
50	111.023400	24.941823	110.707769	24.699631	n
51	110.707769	24.699631	110.465577	24.384000	n
52	110.465577	24.384000	110.313329	24.016440	n
53	110.313329	24.016440	110.261400	23.622000	n
54	110.261400	23.622000	110.313329	23.227560	n
55	110.313329	23.227560	110.465577	22.860000	n
56	110.465577	22.860000	110.707769	22.544369	n
57	110.707769	22.544369	111.023400	22.302177	n
58	111.023400	22.302177	111.390960	22.149929	n
59	111.390960	22.149929	111.785400	22.098000	n
60	111.785400	22.098000	112.179840	22.149929	n
61	112.179840	22.149929	112.547400	22.302177	n
62	112.547400	22.302177	112.863031	22.544369	n
63	112.863031	22.544369	113.105223	22.860000	n
64	113.105223	22.860000	113.257471	23.227560	n
65	113.257471	23.227560	113.309400	23.622000	n
Tolerance=0.050000.
*Exact match for i=0 and j=11.
*i point 0.000000	0.000000	130.000000	0.000000	y
	*Before flip 	130.000000	57.000000	130.000000	0.000000	y
	*After flip 	130.000000	0.000000	130.000000	57.000000	y
*Exact match for i=1 and j=10.
*i point 130.000000	0.000000	130.000000	57.000000	y
	*Before flip 	145.000000	57.000000	130.000000	57.000000	y
	*After flip 	130.000000	57.000000	145.000000	57.000000	y
*Exact match for i=2 and j=9.
*i point 130.000000	57.000000	145.000000	57.000000	y
	*Before flip 	145.000000	72.000000	145.000000	57.000000	y
	*After flip 	145.000000	57.000000	145.000000	72.000000	y
*Exact match for i=3 and j=8.
*i point 145.000000	57.000000	145.000000	72.000000	y
	*Before flip 	130.000000	72.000000	145.000000	72.000000	y
	*After flip 	145.000000	72.000000	130.000000	72.000000	y
*Exact match for i=4 and j=7.
*i point 145.000000	72.000000	130.000000	72.000000	y
	*Before flip 	130.000000	91.000000	130.000000	72.000000	y
	*After flip 	130.000000	72.000000	130.000000	91.000000	y
*Exact match for i=5 and j=11.
*i point 130.000000	72.000000	130.000000	91.000000	y
*Exact match for i=6 and j=10.
*i point 130.000000	91.000000	0.000000	91.000000	y
*Exact match for i=7 and j=9.
*i point 0.000000	91.000000	0.000000	72.000000	y
*Exact match for i=8 and j=9.
*i point 0.000000	72.000000	-15.000000	72.000000	y
*Exact match for i=9 and j=10.
*i point -15.000000	72.000000	-15.000000	57.000000	y
*Exact match for i=10 and j=11.
*i point -15.000000	57.000000	0.000000	57.000000	y
*Exact match for i=12 and j=14.
*i point 34.798000	22.098000	111.760000	22.098000	y
	*Before flip 	111.760000	25.146000	111.760000	22.098000	y
	*After flip 	111.760000	22.098000	111.760000	25.146000	y
*Exact match for i=13 and j=14.
*i point 111.760000	22.098000	111.760000	25.146000	y
*Exact match for i=14 and j=15.
*i point 111.760000	25.146000	34.544000	25.146000	y
*Exact match for i=16 and j=17.
*i point 36.093400	23.622000	36.080362	23.820922	y
*Exact match for i=17 and j=18.
*i point 36.080362	23.820922	36.041471	24.016440	y
*Exact match for i=18 and j=19.
*i point 36.041471	24.016440	35.889223	24.384000	y
*Exact match for i=19 and j=20.
*i point 35.889223	24.384000	35.647031	24.699631	y
*Exact match for i=20 and j=21.
*i point 35.647031	24.699631	35.331400	24.941823	y
*Exact match for i=21 and j=22.
*i point 35.331400	24.941823	34.963840	25.094071	y
*Exact match for i=22 and j=23.
*i point 34.963840	25.094071	34.569400	25.146000	y
*Exact match for i=23 and j=24.
*i point 34.569400	25.146000	34.174960	25.094071	y
*Exact match for i=24 and j=25.
*i point 34.174960	25.094071	33.807400	24.941823	y
*Exact match for i=25 and j=26.
*i point 33.807400	24.941823	33.491769	24.699631	y
*Exact match for i=26 and j=27.
*i point 33.491769	24.699631	33.249577	24.384000	y
*Exact match for i=27 and j=28.
*i point 33.249577	24.384000	33.097329	24.016440	y
*Exact match for i=28 and j=29.
*i point 33.097329	24.016440	33.045400	23.622000	y
*Exact match for i=29 and j=30.
*i point 33.045400	23.622000	33.097329	23.227560	y
*Exact match for i=30 and j=31.
*i point 33.097329	23.227560	33.249577	22.860000	y
*Exact match for i=31 and j=32.
*i point 33.249577	22.860000	33.491769	22.544369	y
*Exact match for i=32 and j=33.
*i point 33.491769	22.544369	33.807400	22.302177	y
*Exact match for i=33 and j=34.
*i point 33.807400	22.302177	34.174960	22.149929	y
*Exact match for i=34 and j=35.
*i point 34.174960	22.149929	34.569400	22.098000	y
*Exact match for i=35 and j=36.
*i point 34.569400	22.098000	34.963840	22.149929	y
*Exact match for i=36 and j=37.
*i point 34.963840	22.149929	35.331400	22.302177	y
*Exact match for i=37 and j=38.
*i point 35.331400	22.302177	35.647031	22.544369	y
*Exact match for i=38 and j=39.
*i point 35.647031	22.544369	35.889223	22.860000	y
*Exact match for i=39 and j=40.
*i point 35.889223	22.860000	36.041471	23.227560	y
*Exact match for i=41 and j=42.
*i point 113.309400	23.622000	113.296362	23.820922	y
*Exact match for i=42 and j=43.
*i point 113.296362	23.820922	113.257471	24.016440	y
*Exact match for i=43 and j=44.
*i point 113.257471	24.016440	113.105223	24.384000	y
*Exact match for i=44 and j=45.
*i point 113.105223	24.384000	112.863031	24.699631	y
*Exact match for i=45 and j=46.
*i point 112.863031	24.699631	112.547400	24.941823	y
*Exact match for i=46 and j=47.
*i point 112.547400	24.941823	112.179840	25.094071	y
*Exact match for i=47 and j=48.
*i point 112.179840	25.094071	111.785400	25.146000	y
*Exact match for i=48 and j=49.
*i point 111.785400	25.146000	111.390960	25.094071	y
*Exact match for i=49 and j=50.
*i point 111.390960	25.094071	111.023400	24.941823	y
*Exact match for i=50 and j=51.
*i point 111.023400	24.941823	110.707769	24.699631	y
*Exact match for i=51 and j=52.
*i point 110.707769	24.699631	110.465577	24.384000	y
*Exact match for i=52 and j=53.
*i point 110.465577	24.384000	110.313329	24.016440	y
*Exact match for i=53 and j=54.
*i point 110.313329	24.016440	110.261400	23.622000	y
*Exact match for i=54 and j=55.
*i point 110.261400	23.622000	110.313329	23.227560	y
*Exact match for i=55 and j=56.
*i point 110.313329	23.227560	110.465577	22.860000	y
*Exact match for i=56 and j=57.
*i point 110.465577	22.860000	110.707769	22.544369	y
*Exact match for i=57 and j=58.
*i point 110.707769	22.544369	111.023400	22.302177	y
*Exact match for i=58 and j=59.
*i point 111.023400	22.302177	111.390960	22.149929	y
*Exact match for i=59 and j=60.
*i point 111.390960	22.149929	111.785400	22.098000	y
*Exact match for i=60 and j=61.
*i point 111.785400	22.098000	112.179840	22.149929	y
*Exact match for i=61 and j=62.
*i point 112.179840	22.149929	112.547400	22.302177	y
*Exact match for i=62 and j=63.
*i point 112.547400	22.302177	112.863031	22.544369	y
*Exact match for i=63 and j=64.
*i point 112.863031	22.544369	113.105223	22.860000	y
*Exact match for i=64 and j=65.
*i point 113.105223	22.860000	113.257471	23.227560	y
########### array after sorts ###########
0	0.000000	0.000000	130.000000	0.000000	y
1	130.000000	0.000000	130.000000	57.000000	y
2	130.000000	57.000000	145.000000	57.000000	y
3	145.000000	57.000000	145.000000	72.000000	y
4	145.000000	72.000000	130.000000	72.000000	y
5	130.000000	72.000000	130.000000	91.000000	y
6	130.000000	91.000000	0.000000	91.000000	y
7	0.000000	91.000000	0.000000	72.000000	y
8	0.000000	72.000000	-15.000000	72.000000	y
9	-15.000000	72.000000	-15.000000	57.000000	y
10	-15.000000	57.000000	0.000000	57.000000	y
11	0.000000	57.000000	0.000000	0.000000	y
12	34.798000	22.098000	111.760000	22.098000	y
13	111.760000	22.098000	111.760000	25.146000	y
14	111.760000	25.146000	34.544000	25.146000	y
15	34.544000	25.146000	34.798000	22.098000	y
16	36.093400	23.622000	36.080362	23.820922	y
17	36.080362	23.820922	36.041471	24.016440	y
18	36.041471	24.016440	35.889223	24.384000	y
19	35.889223	24.384000	35.647031	24.699631	y
20	35.647031	24.699631	35.331400	24.941823	y
21	35.331400	24.941823	34.963840	25.094071	y
22	34.963840	25.094071	34.569400	25.146000	y
23	34.569400	25.146000	34.174960	25.094071	y
24	34.174960	25.094071	33.807400	24.941823	y
25	33.807400	24.941823	33.491769	24.699631	y
26	33.491769	24.699631	33.249577	24.384000	y
27	33.249577	24.384000	33.097329	24.016440	y
28	33.097329	24.016440	33.045400	23.622000	y
29	33.045400	23.622000	33.097329	23.227560	y
30	33.097329	23.227560	33.249577	22.860000	y
31	33.249577	22.860000	33.491769	22.544369	y
32	33.491769	22.544369	33.807400	22.302177	y
33	33.807400	22.302177	34.174960	22.149929	y
34	34.174960	22.149929	34.569400	22.098000	y
35	34.569400	22.098000	34.963840	22.149929	y
36	34.963840	22.149929	35.331400	22.302177	y
37	35.331400	22.302177	35.647031	22.544369	y
38	35.647031	22.544369	35.889223	22.860000	y
39	35.889223	22.860000	36.041471	23.227560	y
40	36.041471	23.227560	36.093400	23.622000	y
41	113.309400	23.622000	113.296362	23.820922	y
42	113.296362	23.820922	113.257471	24.016440	y
43	113.257471	24.016440	113.105223	24.384000	y
44	113.105223	24.384000	112.863031	24.699631	y
45	112.863031	24.699631	112.547400	24.941823	y
46	112.547400	24.941823	112.179840	25.094071	y
47	112.179840	25.094071	111.785400	25.146000	y
48	111.785400	25.146000	111.390960	25.094071	y
49	111.390960	25.094071	111.023400	24.941823	y
50	111.023400	24.941823	110.707769	24.699631	y
51	110.707769	24.699631	110.465577	24.384000	y
52	110.465577	24.384000	110.313329	24.016440	y
53	110.313329	24.016440	110.261400	23.622000	y
54	110.261400	23.622000	110.313329	23.227560	y
55	110.313329	23.227560	110.465577	22.860000	y
56	110.465577	22.860000	110.707769	22.544369	y
57	110.707769	22.544369	111.023400	22.302177	y
58	111.023400	22.302177	111.390960	22.149929	y
59	111.390960	22.149929	111.785400	22.098000	y
60	111.785400	22.098000	112.179840	22.149929	y
61	112.179840	22.149929	112.547400	22.302177	y
62	112.547400	22.302177	112.863031	22.544369	y
63	112.863031	22.544369	113.105223	22.860000	y
64	113.105223	22.860000	113.257471	23.227560	y
65	113.257471	23.227560	113.309400	23.622000	y
***************
.BOARD_OUTLINE UNOWNED
1.6
0     0.000000     0.000000     0
0     130.000000     0.000000     0
0     130.000000     57.000000     0
0     145.000000     57.000000     0
0     145.000000     72.000000     0
0     130.000000     72.000000     0
0     130.000000     91.000000     0
0     0.000000     91.000000     0
0     0.000000     72.000000     0
0     -15.000000     72.000000     0
0     -15.000000     57.000000     0
0     0.000000     57.000000     0
0     0.000000     0.000000     0
1     34.798000     22.098000     0
1     111.760000     22.098000     0
1     111.760000     25.146000     0
1     34.544000     25.146000     0
1     34.798000     22.098000     0
2     36.093400     23.622000     0
2     36.080362     23.820922     0
2     36.041471     24.016440     0
2     35.889223     24.384000     0
2     35.647031     24.699631     0
2     35.331400     24.941823     0
2     34.963840     25.094071     0
2     34.569400     25.146000     0
2     34.174960     25.094071     0
2     33.807400     24.941823     0
2     33.491769     24.699631     0
2     33.249577     24.384000     0
2     33.097329     24.016440     0
2     33.045400     23.622000     0
2     33.097329     23.227560     0
2     33.249577     22.860000     0
2     33.491769     22.544369     0
2     33.807400     22.302177     0
2     34.174960     22.149929     0
2     34.569400     22.098000     0
2     34.963840     22.149929     0
2     35.331400     22.302177     0
2     35.647031     22.544369     0
2     35.889223     22.860000     0
2     36.041471     23.227560     0
2     36.093400     23.622000     0
3     113.309400     23.622000     0
3     113.296362     23.820922     0
3     113.257471     24.016440     0
3     113.105223     24.384000     0
3     112.863031     24.699631     0
3     112.547400     24.941823     0
3     112.179840     25.094071     0
3     111.785400     25.146000     0
3     111.390960     25.094071     0
3     111.023400     24.941823     0
3     110.707769     24.699631     0
3     110.465577     24.384000     0
3     110.313329     24.016440     0
3     110.261400     23.622000     0
3     110.313329     23.227560     0
3     110.465577     22.860000     0
3     110.707769     22.544369     0
3     111.023400     22.302177     0
3     111.390960     22.149929     0
3     111.785400     22.098000     0
3     112.179840     22.149929     0
3     112.547400     22.302177     0
3     112.863031     22.544369     0
3     113.105223     22.860000     0
3     113.257471     23.227560     0
3     113.309400     23.622000     0
