########### array before sorts ###########
0	0.000000	0.000000	136.652000	0.000000	n
1	136.652000	0.000000	136.652000	102.870000	n
2	136.652000	102.870000	0.000000	102.870000	n
3	0.000000	102.870000	0.000000	0.000000	n
Tolerance=0.050000.
*Exact match for i=0 and j=1.
*i point 0.000000	0.000000	136.652000	0.000000	y
*Exact match for i=1 and j=2.
*i point 136.652000	0.000000	136.652000	102.870000	y
*Exact match for i=2 and j=3.
*i point 136.652000	102.870000	0.000000	102.870000	y
########### array after sorts ###########
0	0.000000	0.000000	136.652000	0.000000	y
1	136.652000	0.000000	136.652000	102.870000	y
2	136.652000	102.870000	0.000000	102.870000	y
3	0.000000	102.870000	0.000000	0.000000	y
***************
.BOARD_OUTLINE UNOWNED
1.6
0     0.000000     0.000000     0
0     136.652000     0.000000     0
0     136.652000     102.870000     0
0     0.000000     102.870000     0
0     0.000000     0.000000     0
