Removed Pin From Net: NetName=+12 Pin=Q1_HD1-2
Removed Pin From Net: NetName=GND Pin=Q2_HD1-2
Removed Member From Class: ClassName=AT90 Member=C?
Removed Member From Class: ClassName=Boost Converter Member=C?
Removed Member From Class: ClassName=Dashboard Member=C?
Removed Member From Class: ClassName=ResetCkt Member=C?
Removed Member From Class: ClassName=Boost Converter Member=D?
Removed Member From Class: ClassName=Dashboard Member=D?
Removed Member From Class: ClassName=Boost Converter Member=L?
Removed Member From Class: ClassName=Boost Converter Member=R?
Removed Member From Class: ClassName=Dashboard Member=R?
Removed Member From Class: ClassName=ResetCkt Member=R?
Removed Member From Class: ClassName=Dashboard Member=U1
Removed Member From Class: ClassName=Boost Converter Member=U?
Removed Member From Class: ClassName=Dashboard Member=U?
Change Component Designator: OldDesignator=C? NewDesignator=C8
Change Component Designator: OldDesignator=C? NewDesignator=C9
Change Component Designator: OldDesignator=C? NewDesignator=C10
Change Component Designator: OldDesignator=C? NewDesignator=C11
Change Component Designator: OldDesignator=C? NewDesignator=C12
Change Component Designator: OldDesignator=C? NewDesignator=C13
Change Component Designator: OldDesignator=C? NewDesignator=C14
Change Component Designator: OldDesignator=C? NewDesignator=C15
Change Component Designator: OldDesignator=C? NewDesignator=C16
Change Component Designator: OldDesignator=C? NewDesignator=C17
Change Component Designator: OldDesignator=C? NewDesignator=C18
Change Component Designator: OldDesignator=C? NewDesignator=C19
Change Component Designator: OldDesignator=C? NewDesignator=C20
Change Component Designator: OldDesignator=C? NewDesignator=C21
Change Component Designator: OldDesignator=C? NewDesignator=C22
Change Component Designator: OldDesignator=C? NewDesignator=C23
Change Component Designator: OldDesignator=C? NewDesignator=C24
Change Component Designator: OldDesignator=D? NewDesignator=D3
Change Component Designator: OldDesignator=D? NewDesignator=D4
Change Component Designator: OldDesignator=F1_HD2 NewDesignator=F1_HD1
Change Component Designator: OldDesignator=J? NewDesignator=J1
Change Component Designator: OldDesignator=L? NewDesignator=L1
Change Component Designator: OldDesignator=L? NewDesignator=L2
Change Component Designator: OldDesignator=Q1_HD2 NewDesignator=Q1_HD1
Change Component Designator: OldDesignator=Q2_HD2 NewDesignator=Q2_HD1
Change Component Designator: OldDesignator=R1_HD2 NewDesignator=R1_HD1
Change Component Designator: OldDesignator=R2_HD2 NewDesignator=R2_HD1
Change Component Designator: OldDesignator=R? NewDesignator=R9
Change Component Designator: OldDesignator=R? NewDesignator=R10
Change Component Designator: OldDesignator=R? NewDesignator=R11
Change Component Designator: OldDesignator=R? NewDesignator=R12
Change Component Designator: OldDesignator=R? NewDesignator=R13
Change Component Designator: OldDesignator=R? NewDesignator=R14
Change Component Designator: OldDesignator=U? NewDesignator=U6
Change Component Designator: OldDesignator=U? NewDesignator=U7
Change Component Designator: OldDesignator=Y? NewDesignator=Y1
Added Component: Designator=F1_HD2(LFUS-1206L016WR_V)
Add component. Clean all parameters for all variants
Add component (AddParameter): Name = "Datasheet URL"; Value = "http://www.littelfuse.com/~/media/electronics/datasheets/resettable_ptcs/littelfuse_ptc_1206l_datasheet.pdf.pdf"; VariantName = "[No Variations]"
Add component (AddParameter): Name = "Datasheet Version"; Value = "08/2016"; VariantName = "[No Variations]"
Add component (AddParameter): Name = "Hold Current [Ih]"; Value = "0.16A"; VariantName = "[No Variations]"
Add component (AddParameter): Name = "Manufacturer"; Value = "Littelfuse"; VariantName = "[No Variations]"
Add component (AddParameter): Name = "Manufacturer URL"; Value = "http://www.littelfuse.com/"; VariantName = "[No Variations]"
Add component (AddParameter): Name = "Mounting Technology"; Value = "SurfaceMount"; VariantName = "[No Variations]"
Add component (AddParameter): Name = "Operating Temp Range"; Value = "-40to+85°C"; VariantName = "[No Variations]"
Add component (AddParameter): Name = "Package Description"; Value = "2-Pin Surface Mount Device, Body 3.2 x 1.65 mm, Height 1.45 mm (Max)"; VariantName = "[No Variations]"
Add component (AddParameter): Name = "Package Reference"; Value = "1206L016WR"; VariantName = "[No Variations]"
Add component (AddParameter): Name = "Size"; Value = "1206"; VariantName = "[No Variations]"
Add component (AddParameter): Name = "Trip Current"; Value = "0.37A"; VariantName = "[No Variations]"
Add component (AddParameter): Name = "Working Voltage-Max"; Value = "30V"; VariantName = "[No Variations]"
Added Component: Designator=Q1_HD2(ONSC-SOT-23-3-318-08_V)
Add component. Clean all parameters for all variants
Add component (AddParameter): Name = "ComponentLink1Description"; Value = "Manufacturer URL"; VariantName = "[No Variations]"
Add component (AddParameter): Name = "ComponentLink1URL"; Value = "http://www.onsemi.com/"; VariantName = "[No Variations]"
Add component (AddParameter): Name = "ComponentLink2Description"; Value = "Datasheet"; VariantName = "[No Variations]"
Add component (AddParameter): Name = "ComponentLink2URL"; Value = "http://www.onsemi.cn/pub_link/Collateral/MMBT4403LT1-D.PDF"; VariantName = "[No Variations]"
Add component (AddParameter): Name = "ComponentLink3Description"; Value = "Package Specification"; VariantName = "[No Variations]"
Add component (AddParameter): Name = "ComponentLink3URL"; Value = "http://www.onsemi.cn/pub_link/Collateral/318-08.PDF"; VariantName = "[No Variations]"
Add component (AddParameter): Name = "DatasheetVersion"; Value = "Rev. 12"; VariantName = "[No Variations]"
Add component (AddParameter): Name = "fT Min (MHz)"; Value = "200"; VariantName = "[No Variations]"
Add component (AddParameter): Name = "IC Continuous (A)"; Value = "-0.6"; VariantName = "[No Variations]"
Add component (AddParameter): Name = "Manufacturer"; Value = "On Semiconductor"; VariantName = "[No Variations]"
Add component (AddParameter): Name = "Mounting Technology"; Value = "Surface Mount"; VariantName = "[No Variations]"
Add component (AddParameter): Name = "PackageDescription"; Value = "3-Pin Small Outline Transistor, Body 2.92 x 1.3 mm, Pitch 0.95 mm"; VariantName = "[No Variations]"
Add component (AddParameter): Name = "PackageReference"; Value = "SOT-23-3-318-08"; VariantName = "[No Variations]"
Add component (AddParameter): Name = "PackageVersion"; Value = "Rev. AP, 11/2009"; VariantName = "[No Variations]"
Add component (AddParameter): Name = "Packing"; Value = "Tape and Reel"; VariantName = "[No Variations]"
Add component (AddParameter): Name = "PartNumber"; Value = "MMBT4403LT1G"; VariantName = "[No Variations]"
Add component (AddParameter): Name = "Polarity"; Value = "PNP"; VariantName = "[No Variations]"
Add component (AddParameter): Name = "RoHS"; Value = "TRUE"; VariantName = "[No Variations]"
Added Component: Designator=Q2_HD2(ONSC-SOT-23-3-318-08_V)
Add component. Clean all parameters for all variants
Add component (AddParameter): Name = "ComponentLink1Description"; Value = "Manufacturer URL"; VariantName = "[No Variations]"
Add component (AddParameter): Name = "ComponentLink1URL"; Value = "http://www.onsemi.com/"; VariantName = "[No Variations]"
Add component (AddParameter): Name = "ComponentLink2Description"; Value = "Datasheet"; VariantName = "[No Variations]"
Add component (AddParameter): Name = "ComponentLink2URL"; Value = "http://www.onsemi.cn/pub_link/Collateral/MMBT4401LT1-D.PDF"; VariantName = "[No Variations]"
Add component (AddParameter): Name = "ComponentLink3Description"; Value = "Package Specification"; VariantName = "[No Variations]"
Add component (AddParameter): Name = "ComponentLink3URL"; Value = "http://www.onsemi.cn/pub_link/Collateral/318-08.PDF"; VariantName = "[No Variations]"
Add component (AddParameter): Name = "DatasheetVersion"; Value = "Rev. 10"; VariantName = "[No Variations]"
Add component (AddParameter): Name = "fT Min (MHz)"; Value = "250"; VariantName = "[No Variations]"
Add component (AddParameter): Name = "IC Continuous (A)"; Value = "0.6"; VariantName = "[No Variations]"
Add component (AddParameter): Name = "Manufacturer"; Value = "On Semiconductor"; VariantName = "[No Variations]"
Add component (AddParameter): Name = "Mounting Technology"; Value = "Surface Mount"; VariantName = "[No Variations]"
Add component (AddParameter): Name = "PackageDescription"; Value = "3-Pin Small Outline Transistor, Body 2.92 x 1.3 mm, Pitch 0.95 mm"; VariantName = "[No Variations]"
Add component (AddParameter): Name = "PackageReference"; Value = "SOT-23-3-318-08"; VariantName = "[No Variations]"
Add component (AddParameter): Name = "PackageVersion"; Value = "Rev. AP, 11/2009"; VariantName = "[No Variations]"
Add component (AddParameter): Name = "Packing"; Value = "Tape and Reel"; VariantName = "[No Variations]"
Add component (AddParameter): Name = "PartNumber"; Value = "MMBT4401LT3G"; VariantName = "[No Variations]"
Add component (AddParameter): Name = "Polarity"; Value = "NPN"; VariantName = "[No Variations]"
Add component (AddParameter): Name = "RoHS"; Value = "TRUE"; VariantName = "[No Variations]"
Added Component: Designator=R1_HD2(J1-0603)
Add component. Clean all parameters for all variants
Add component (AddParameter): Name = "LatestRevisionDate"; Value = "17-Jul-2002"; VariantName = "[No Variations]"
Add component (AddParameter): Name = "LatestRevisionNote"; Value = "Re-released for DXP Platform."; VariantName = "[No Variations]"
Add component (AddParameter): Name = "PackageDescription"; Value = "Axial Device, Thru-Hole; 2 Leads; 0.3 in Pin Spacing"; VariantName = "[No Variations]"
Add component (AddParameter): Name = "PackageReference"; Value = "AXIAL-0.3"; VariantName = "[No Variations]"
Add component (AddParameter): Name = "Published"; Value = "8-Jun-2000"; VariantName = "[No Variations]"
Add component (AddParameter): Name = "Publisher"; Value = "Altium Limited"; VariantName = "[No Variations]"
Add component (AddParameter): Name = "Value"; Value = "1K"; VariantName = "[No Variations]"
Added Component: Designator=R2_HD2(J1-0603)
Add component. Clean all parameters for all variants
Add component (AddParameter): Name = "LatestRevisionDate"; Value = "17-Jul-2002"; VariantName = "[No Variations]"
Add component (AddParameter): Name = "LatestRevisionNote"; Value = "Re-released for DXP Platform."; VariantName = "[No Variations]"
Add component (AddParameter): Name = "PackageDescription"; Value = "Axial Device, Thru-Hole; 2 Leads; 0.3 in Pin Spacing"; VariantName = "[No Variations]"
Add component (AddParameter): Name = "PackageReference"; Value = "AXIAL-0.3"; VariantName = "[No Variations]"
Add component (AddParameter): Name = "Published"; Value = "8-Jun-2000"; VariantName = "[No Variations]"
Add component (AddParameter): Name = "Publisher"; Value = "Altium Limited"; VariantName = "[No Variations]"
Add component (AddParameter): Name = "Value"; Value = "1K"; VariantName = "[No Variations]"
Added Pin To Net: NetName=+12 Pin=Q1_HD2-2
Added Pin To Net: NetName=GND Pin=Q2_HD2-2
Change Net Name : Old Net Name=NetC?_2 New Net Name=NetC21_2
Change Net Name : Old Net Name=NetD?_1 New Net Name=NetD3_1
Change Net Name : Old Net Name=NetD?_2 New Net Name=NetD3_2
Change Net Name : Old Net Name=NetF1_HD2_1 New Net Name=NetF1_HD1_1
Change Net Name : Old Net Name=NetF1_HD2_2 New Net Name=NetF1_HD1_2
Change Net Name : Old Net Name=NetL?_1 New Net Name=NetL1_1
Change Net Name : Old Net Name=NetQ1_HD2_1 New Net Name=NetQ1_HD1_1
Change Net Name : Old Net Name=NetQ2_HD2_1 New Net Name=NetQ2_HD1_1
Change Net Name : Old Net Name=NetQ2_HD2_3 New Net Name=NetQ2_HD1_3
Change Net Name : Old Net Name=NetR2_HD2_1 New Net Name=NetR2_HD1_1
Added Pin To Net: NetName=NetC8_2 Pin=C8-2
Added Pin To Net: NetName=NetC8_2 Pin=U1-24
Added Pin To Net: NetName=NetC8_2 Pin=Y1-1
Added Net: Name=NetC8_2
Added Pin To Net: NetName=NetC9_2 Pin=C9-2
Added Pin To Net: NetName=NetC9_2 Pin=U1-23
Added Pin To Net: NetName=NetC9_2 Pin=Y1-2
Added Net: Name=NetC9_2
Added Pin To Net: NetName=NetC14_2 Pin=C14-2
Added Pin To Net: NetName=NetC14_2 Pin=R9-1
Added Pin To Net: NetName=NetC14_2 Pin=U6-13
Added Net: Name=NetC14_2
Added Pin To Net: NetName=NetC15_2 Pin=C15-2
Added Pin To Net: NetName=NetC15_2 Pin=U6-12
Added Net: Name=NetC15_2
Added Pin To Net: NetName=NetC16_2 Pin=C16-2
Added Pin To Net: NetName=NetC16_2 Pin=U6-14
Added Net: Name=NetC16_2
Added Pin To Net: NetName=NetC17_2 Pin=C17-2
Added Pin To Net: NetName=NetC17_2 Pin=C18-2
Added Pin To Net: NetName=NetC17_2 Pin=R10-1
Added Pin To Net: NetName=NetC17_2 Pin=R11-2
Added Pin To Net: NetName=NetC17_2 Pin=U6-2
Added Net: Name=NetC17_2
Added Pin To Net: NetName=NetC19_2 Pin=C19-2
Added Pin To Net: NetName=NetC19_2 Pin=R12-2
Added Pin To Net: NetName=NetC19_2 Pin=U6-1
Added Net: Name=NetC19_2
Added Pin To Net: NetName=NetC20_2 Pin=C20-2
Added Pin To Net: NetName=NetC20_2 Pin=R12-1
Added Net: Name=NetC20_2
Added Pin To Net: NetName=NetC23_2 Pin=C23-2
Added Pin To Net: NetName=NetC23_2 Pin=R13-1
Added Pin To Net: NetName=NetC23_2 Pin=U1-12
Added Net: Name=NetC23_2
Added Pin To Net: NetName=NetF1_HD2_1 Pin=F1_HD2-1
Added Net: Name=NetF1_HD2_1
Added Pin To Net: NetName=NetF1_HD2_2 Pin=F1_HD2-2
Added Pin To Net: NetName=NetF1_HD2_2 Pin=Q1_HD2-3
Added Net: Name=NetF1_HD2_2
Added Pin To Net: NetName=NetJ1_39 Pin=J1-39
Added Net: Name=NetJ1_39
Added Pin To Net: NetName=NetQ1_HD2_1 Pin=Q1_HD2-1
Added Pin To Net: NetName=NetQ1_HD2_1 Pin=R1_HD2-2
Added Net: Name=NetQ1_HD2_1
Added Pin To Net: NetName=NetQ2_HD2_1 Pin=Q2_HD2-1
Added Pin To Net: NetName=NetQ2_HD2_1 Pin=R2_HD2-2
Added Net: Name=NetQ2_HD2_1
Added Pin To Net: NetName=NetQ2_HD2_3 Pin=Q2_HD2-3
Added Pin To Net: NetName=NetQ2_HD2_3 Pin=R1_HD2-1
Added Net: Name=NetQ2_HD2_3
Added Pin To Net: NetName=NetR2_HD2_1 Pin=R2_HD2-1
Added Net: Name=NetR2_HD2_1
Added Member To Class: ClassName=AT90 Member=Component C8 Cap
Added Member To Class: ClassName=AT90 Member=Component C9 Cap
Added Member To Class: ClassName=Boost Converter Member=Component C10 Cap
Added Member To Class: ClassName=Boost Converter Member=Component C11 Cap
Added Member To Class: ClassName=Boost Converter Member=Component C12 Cap
Added Member To Class: ClassName=Boost Converter Member=Component C13 Cap
Added Member To Class: ClassName=Boost Converter Member=Component C14 Cap
Added Member To Class: ClassName=Boost Converter Member=Component C15 Cap
Added Member To Class: ClassName=Boost Converter Member=Component C16 Cap
Added Member To Class: ClassName=Boost Converter Member=Component C17 Cap
Added Member To Class: ClassName=Boost Converter Member=Component C18 Cap
Added Member To Class: ClassName=Boost Converter Member=Component C19 Cap
Added Member To Class: ClassName=Boost Converter Member=Component C20 Cap
Added Member To Class: ClassName=LCD Member=Component C22 Cap
Added Member To Class: ClassName=LCD Member=Component C23 Cap
Added Member To Class: ClassName=ResetCkt Member=Component C24 Cap
Added Member To Class: ClassName=Boost Converter Member=Component D3 Schottky Diode
Added Member To Class: ClassName=HD1 Member=Component F1_HD1 (F1) 1206L016WR
Added Member To Class: ClassName=HD2 Member=Component F1_HD2 (F1) 1206L016WR
Added Member To Class: ClassName=Boost Converter Member=Component L2 Inductor
Added Member To Class: ClassName=HD1 Member=Component Q1_HD1 (Q1) MMBT4403LT1G
Added Member To Class: ClassName=HD2 Member=Component Q1_HD2 (Q1) MMBT4403LT1G
Added Member To Class: ClassName=HD1 Member=Component Q2_HD1 (Q2) MMBT4401M3T5G
Added Member To Class: ClassName=HD2 Member=Component Q2_HD2 (Q2) MMBT4401M3T5G
Added Member To Class: ClassName=HD1 Member=Component R1_HD1 (R1) Res1
Added Member To Class: ClassName=HD2 Member=Component R1_HD2 (R1) Res1
Added Member To Class: ClassName=HD1 Member=Component R2_HD1 (R2) Res1
Added Member To Class: ClassName=HD2 Member=Component R2_HD2 (R2) Res1
Added Member To Class: ClassName=Boost Converter Member=Component R9 Res3
Added Member To Class: ClassName=Boost Converter Member=Component R10 Res3
Added Member To Class: ClassName=Boost Converter Member=Component R11 Res3
Added Member To Class: ClassName=Boost Converter Member=Component R12 Res3
Added Member To Class: ClassName=ResetCkt Member=Component R14 Res1
Added Member To Class: ClassName=Boost Converter Member=Component U6 LM5000-3MTC/NOPB
