Removed Member From Class: ClassName=Int Member=C1
Removed Member From Class: ClassName=Int Member=C2
Removed Member From Class: ClassName=Dashboard Member=C5
Removed Member From Class: ClassName=Dashboard Member=C6
Removed Member From Class: ClassName=Dashboard Member=C7
Removed Member From Class: ClassName=Boost Converter Member=C9
Removed Member From Class: ClassName=Dashboard Member=C9
Removed Member From Class: ClassName=Int Member=C14
Removed Member From Class: ClassName=Boost Converter Member=C17
Removed Member From Class: ClassName=Dashboard Member=C17
Removed Member From Class: ClassName=Int Member=C20
Removed Member From Class: ClassName=LCD Member=C21
Removed Member From Class: ClassName=AT90 Member=C22
Removed Member From Class: ClassName=LCD Member=C23
Removed Member From Class: ClassName=Boost Converter Member=D4
Removed Member From Class: ClassName=HD1 Member=F2
Removed Member From Class: ClassName=HD2 Member=F2
Removed Member From Class: ClassName=PowerLed Member=LED1
Removed Member From Class: ClassName=Int Member=LED3
Removed Member From Class: ClassName=HD1 Member=Q3
Removed Member From Class: ClassName=HD2 Member=Q3
Removed Member From Class: ClassName=HD1 Member=Q6
Removed Member From Class: ClassName=HD3 Member=Q6
Removed Member From Class: ClassName=ROT2 Member=R3
Removed Member From Class: ClassName=ROT3 Member=R3
Removed Member From Class: ClassName=ROT1 Member=R7
Removed Member From Class: ClassName=ROT2 Member=R7
Removed Member From Class: ClassName=ROT3 Member=R7
Removed Member From Class: ClassName=ROT2 Member=R12
Removed Member From Class: ClassName=ROT3 Member=R12
Removed Member From Class: ClassName=Boost Converter Member=R13
Removed Member From Class: ClassName=HD1 Member=R13
Removed Member From Class: ClassName=HD2 Member=R13
Removed Member From Class: ClassName=HD3 Member=R13
Removed Member From Class: ClassName=Int Member=R16
Removed Member From Class: ClassName=ROT1 Member=R16
Removed Member From Class: ClassName=ROT1 Member=R26
Removed Member From Class: ClassName=ROT3 Member=R26
Removed Member From Class: ClassName=ROT1 Member=R30
Removed Member From Class: ClassName=ROT3 Member=R30
Removed Member From Class: ClassName=ROT1 Member=R32
Removed Member From Class: ClassName=ROT3 Member=R32
Removed Member From Class: ClassName=Boost Converter Member=R33
Removed Member From Class: ClassName=CAN Member=R33
Removed Member From Class: ClassName=LCD Member=R33
Removed Member From Class: ClassName=ROT1 Member=R33
Removed Member From Class: ClassName=ROT2 Member=R33
Removed Member From Class: ClassName=ROT3 Member=R33
Removed Member From Class: ClassName=Boost Converter Member=R35
Removed Member From Class: ClassName=HD1 Member=R36
Removed Member From Class: ClassName=HD3 Member=R36
Removed Member From Class: ClassName=ROT1 Member=R38
Removed Member From Class: ClassName=ROT2 Member=R38
Removed Member From Class: ClassName=ROT1 Member=R46
Removed Member From Class: ClassName=ROT2 Member=R46
Removed Member From Class: ClassName=Int Member=R49
Removed Member From Class: ClassName=ROT1 Member=R49
Removed Member From Class: ClassName=ROT2 Member=R49
Removed Member From Class: ClassName=ROT3 Member=R49
Removed Member From Class: ClassName=ROT1 Member=S3
Removed Member From Class: ClassName=ROT2 Member=S3
Removed Member From Class: ClassName=Dashboard Member=U4
Removed Member From Class: ClassName=Int Member=U4
Removed Member From Class: ClassName=LCD Member=U4
Removed Member From Class: ClassName=Dashboard Member=U5
Removed Member From Class: ClassName=Boost Converter Member=U6
Removed Member From Class: ClassName=Dashboard Member=U6
Change Component Designator: OldDesignator=C1 NewDesignator=C21
Change Component Designator: OldDesignator=C2 NewDesignator=C22
Change Component Designator: OldDesignator=C3 NewDesignator=C23
Change Component Designator: OldDesignator=C4 NewDesignator=C20
Change Component Designator: OldDesignator=C5 NewDesignator=C7
Change Component Designator: OldDesignator=C6 NewDesignator=C19
Change Component Designator: OldDesignator=C7 NewDesignator=C17
Change Component Designator: OldDesignator=C8 NewDesignator=C5
Change Component Designator: OldDesignator=C9 NewDesignator=C6
Change Component Designator: OldDesignator=C10 NewDesignator=C18
Change Component Designator: OldDesignator=C11 NewDesignator=C15
Change Component Designator: OldDesignator=C12 NewDesignator=C16
Change Component Designator: OldDesignator=C13 NewDesignator=C14
Change Component Designator: OldDesignator=C14 NewDesignator=C10
Change Component Designator: OldDesignator=C15 NewDesignator=C11
Change Component Designator: OldDesignator=C16 NewDesignator=C4
Change Component Designator: OldDesignator=C17 NewDesignator=C12
Change Component Designator: OldDesignator=C18 NewDesignator=C3
Change Component Designator: OldDesignator=C19 NewDesignator=C13
Change Component Designator: OldDesignator=C20 NewDesignator=C1
Change Component Designator: OldDesignator=C21 NewDesignator=C2
Change Component Designator: OldDesignator=C22 NewDesignator=C24
Change Component Designator: OldDesignator=C23 NewDesignator=C8
Change Component Designator: OldDesignator=C24 NewDesignator=C9
Change Component Designator: OldDesignator=D1 NewDesignator=D2
Change Component Designator: OldDesignator=D2 NewDesignator=D1
Change Component Designator: OldDesignator=D3 NewDesignator=D4
Change Component Designator: OldDesignator=D4 NewDesignator=D3
Change Component Designator: OldDesignator=F2 NewDesignator=F1
Change Component Designator: OldDesignator=F3 NewDesignator=F1
Change Component Designator: OldDesignator=L1 NewDesignator=L2
Change Component Designator: OldDesignator=L2 NewDesignator=L1
Change Component Designator: OldDesignator=LED1 NewDesignator=LED2
Change Component Designator: OldDesignator=LED2 NewDesignator=LED1
Change Component Designator: OldDesignator=Q1 NewDesignator=Q2
Change Component Designator: OldDesignator=Q2 NewDesignator=Q1
Change Component Designator: OldDesignator=Q3 NewDesignator=Q2
Change Component Designator: OldDesignator=Q4 NewDesignator=Q1
Change Component Designator: OldDesignator=Q5 NewDesignator=Q2
Change Component Designator: OldDesignator=Q6 NewDesignator=Q1
Change Component Designator: OldDesignator=R1 NewDesignator=R20
Change Component Designator: OldDesignator=R2 NewDesignator=R18
Change Component Designator: OldDesignator=R3 NewDesignator=R17
Change Component Designator: OldDesignator=R4 NewDesignator=R19
Change Component Designator: OldDesignator=R5 NewDesignator=R21
Change Component Designator: OldDesignator=R6 NewDesignator=R22
Change Component Designator: OldDesignator=R7 NewDesignator=R6
Change Component Designator: OldDesignator=R8 NewDesignator=R23
Change Component Designator: OldDesignator=R9 NewDesignator=R24
Change Component Designator: OldDesignator=R10 NewDesignator=R2
Change Component Designator: OldDesignator=R11 NewDesignator=R25
Change Component Designator: OldDesignator=R12 NewDesignator=R16
Change Component Designator: OldDesignator=R13 NewDesignator=R15
Change Component Designator: OldDesignator=R14 NewDesignator=R5
Change Component Designator: OldDesignator=R15 NewDesignator=R10
Change Component Designator: OldDesignator=R16 NewDesignator=R4
Change Component Designator: OldDesignator=R17 NewDesignator=R3
Change Component Designator: OldDesignator=R18 NewDesignator=R20
Change Component Designator: OldDesignator=R19 NewDesignator=R18
Change Component Designator: OldDesignator=R20 NewDesignator=R1
Change Component Designator: OldDesignator=R21 NewDesignator=R17
Change Component Designator: OldDesignator=R22 NewDesignator=R19
Change Component Designator: OldDesignator=R23 NewDesignator=R9
Change Component Designator: OldDesignator=R24 NewDesignator=R21
Change Component Designator: OldDesignator=R25 NewDesignator=R22
Change Component Designator: OldDesignator=R26 NewDesignator=R23
Change Component Designator: OldDesignator=R27 NewDesignator=R1
Change Component Designator: OldDesignator=R28 NewDesignator=R24
Change Component Designator: OldDesignator=R29 NewDesignator=R2
Change Component Designator: OldDesignator=R30 NewDesignator=R25
Change Component Designator: OldDesignator=R31 NewDesignator=R16
Change Component Designator: OldDesignator=R32 NewDesignator=R15
Change Component Designator: OldDesignator=R33 NewDesignator=R8
Change Component Designator: OldDesignator=R34 NewDesignator=R7
Change Component Designator: OldDesignator=R35 NewDesignator=R12
Change Component Designator: OldDesignator=R36 NewDesignator=R1
Change Component Designator: OldDesignator=R37 NewDesignator=R2
Change Component Designator: OldDesignator=R38 NewDesignator=R20
Change Component Designator: OldDesignator=R39 NewDesignator=R18
Change Component Designator: OldDesignator=R40 NewDesignator=R17
Change Component Designator: OldDesignator=R41 NewDesignator=R19
Change Component Designator: OldDesignator=R42 NewDesignator=R21
Change Component Designator: OldDesignator=R43 NewDesignator=R22
Change Component Designator: OldDesignator=R44 NewDesignator=R23
Change Component Designator: OldDesignator=R45 NewDesignator=R24
Change Component Designator: OldDesignator=R46 NewDesignator=R25
Change Component Designator: OldDesignator=R47 NewDesignator=R16
Change Component Designator: OldDesignator=R48 NewDesignator=R15
Change Component Designator: OldDesignator=R49 NewDesignator=R14
Change Component Designator: OldDesignator=R50 NewDesignator=R11
Change Component Designator: OldDesignator=R51 NewDesignator=R13
Change Component Designator: OldDesignator=S2 NewDesignator=S1
Change Component Designator: OldDesignator=S3 NewDesignator=S1
Change Component Designator: OldDesignator=U1 NewDesignator=U3
Change Component Designator: OldDesignator=U2 NewDesignator=U4
Change Component Designator: OldDesignator=U3 NewDesignator=U5
Change Component Designator: OldDesignator=U4 NewDesignator=U2
Change Component Designator: OldDesignator=U5 NewDesignator=U1
Change Component Designator: OldDesignator=U6 NewDesignator=U1
Change Component Designator: OldDesignator=U7 NewDesignator=U8
Change Component Designator: OldDesignator=U8 NewDesignator=U7
Change Component Designator: OldDesignator=U9 NewDesignator=U6
Change Component Designator: OldDesignator=X1 NewDesignator=X2
Change Component Designator: OldDesignator=X2 NewDesignator=X1
Added Member To Class: ClassName=Dashboard Member=Component C2 Cap
Added Member To Class: ClassName=Dashboard Member=Component C3 Cap
Added Member To Class: ClassName=Int Member=Component C7 Cap
Added Member To Class: ClassName=AT90 Member=Component C9 Cap
Added Member To Class: ClassName=LCD Member=Component C22 Cap
Added Member To Class: ClassName=Boost Converter Member=Component D2 Schottky Diode
Added Member To Class: ClassName=HD1 Member=Component F1 1206L016WR
Added Member To Class: ClassName=HD2 Member=Component F1 1206L016WR
Added Member To Class: ClassName=Int Member=Component LED2 LTST-C171AKT
Added Member To Class: ClassName=PowerLed Member=Component LED3 LTST-C171AKT
Added Member To Class: ClassName=HD1 Member=Component Q1 MMBT4403LT1G
Added Member To Class: ClassName=HD3 Member=Component Q1 MMBT4403LT1G
Added Member To Class: ClassName=HD1 Member=Component Q2 MMBT4401M3T5G
Added Member To Class: ClassName=HD2 Member=Component Q2 MMBT4401M3T5G
Added Member To Class: ClassName=HD1 Member=Component R1 Res1
Added Member To Class: ClassName=HD3 Member=Component R1 Res1
Added Member To Class: ClassName=HD1 Member=Component R2 Res1
Added Member To Class: ClassName=HD2 Member=Component R2 Res1
Added Member To Class: ClassName=HD3 Member=Component R2 Res1
Added Member To Class: ClassName=Int Member=Component R5 Res1
Added Member To Class: ClassName=Boost Converter Member=Component R9 Res3
Added Member To Class: ClassName=CAN Member=Component R11 Res1
Added Member To Class: ClassName=LCD Member=Component R12 Res3
Added Member To Class: ClassName=ROT1 Member=Component R15 Res3
Added Member To Class: ClassName=ROT3 Member=Component R15 Res3
Added Member To Class: ClassName=ROT2 Member=Component R17 Res3
Added Member To Class: ClassName=ROT3 Member=Component R17 Res3
Added Member To Class: ClassName=ROT1 Member=Component R18 Res3
Added Member To Class: ClassName=ROT2 Member=Component R18 Res3
Added Member To Class: ClassName=ROT3 Member=Component R18 Res3
Added Member To Class: ClassName=ROT1 Member=Component R19 Res3
Added Member To Class: ClassName=ROT2 Member=Component R19 Res3
Added Member To Class: ClassName=ROT3 Member=Component R19 Res3
Added Member To Class: ClassName=ROT1 Member=Component R20 Res3
Added Member To Class: ClassName=ROT2 Member=Component R20 Res3
Added Member To Class: ClassName=ROT1 Member=Component R21 Res3
Added Member To Class: ClassName=ROT2 Member=Component R21 Res3
Added Member To Class: ClassName=ROT3 Member=Component R21 Res3
Added Member To Class: ClassName=ROT1 Member=Component R22 Res3
Added Member To Class: ClassName=ROT2 Member=Component R22 Res3
Added Member To Class: ClassName=ROT3 Member=Component R22 Res3
Added Member To Class: ClassName=ROT1 Member=Component R23 Res3
Added Member To Class: ClassName=ROT3 Member=Component R23 Res3
Added Member To Class: ClassName=ROT1 Member=Component R24 Res3
Added Member To Class: ClassName=ROT2 Member=Component R24 Res3
Added Member To Class: ClassName=ROT3 Member=Component R24 Res3
Added Member To Class: ClassName=ROT1 Member=Component R25 Res3
Added Member To Class: ClassName=ROT1 Member=Component S1 Rotary
Added Member To Class: ClassName=ROT2 Member=Component S1 Rotary
Added Member To Class: ClassName=LCD Member=Component U1 FT801Q-R
Added Member To Class: ClassName=Int Member=Component U3 FT232RL-Reel
Added Member To Class: ClassName=Boost Converter Member=Component U5 LM5000-3MTC/NOPB
Added Room: Name=AT90
Added Room: Name=Dashboard
Added Room: Name=LCD
