Removed Member From Class: ClassName=Dashboard Member=U1
Change Component Designator: OldDesignator=R?_ROT1 NewDesignator=R15_ROT1
Change Component Designator: OldDesignator=R?_ROT1 NewDesignator=R16_ROT1
Change Component Designator: OldDesignator=R?_ROT1 NewDesignator=R17_ROT1
Change Component Designator: OldDesignator=R?_ROT1 NewDesignator=R18_ROT1
Change Component Designator: OldDesignator=R?_ROT1 NewDesignator=R19_ROT1
Change Component Designator: OldDesignator=R?_ROT1 NewDesignator=R20_ROT1
Change Component Designator: OldDesignator=R?_ROT1 NewDesignator=R21_ROT1
Change Component Designator: OldDesignator=R?_ROT1 NewDesignator=R22_ROT1
Change Component Designator: OldDesignator=R?_ROT1 NewDesignator=R23_ROT1
Change Component Designator: OldDesignator=R?_ROT1 NewDesignator=R24_ROT1
Change Component Designator: OldDesignator=R?_ROT1 NewDesignator=R25_ROT1
Change Component Designator: OldDesignator=R?_ROT2 NewDesignator=R15_ROT2
Change Component Designator: OldDesignator=R?_ROT2 NewDesignator=R16_ROT2
Change Component Designator: OldDesignator=R?_ROT2 NewDesignator=R17_ROT2
Change Component Designator: OldDesignator=R?_ROT2 NewDesignator=R18_ROT2
Change Component Designator: OldDesignator=R?_ROT2 NewDesignator=R19_ROT2
Change Component Designator: OldDesignator=R?_ROT2 NewDesignator=R20_ROT2
Change Component Designator: OldDesignator=R?_ROT2 NewDesignator=R21_ROT2
Change Component Designator: OldDesignator=R?_ROT2 NewDesignator=R22_ROT2
Change Component Designator: OldDesignator=R?_ROT2 NewDesignator=R23_ROT2
Change Component Designator: OldDesignator=R?_ROT2 NewDesignator=R24_ROT2
Change Component Designator: OldDesignator=R?_ROT2 NewDesignator=R25_ROT2
Change Component Designator: OldDesignator=R?_ROT3 NewDesignator=R15_ROT3
Change Component Designator: OldDesignator=R?_ROT3 NewDesignator=R16_ROT3
Change Component Designator: OldDesignator=R?_ROT3 NewDesignator=R17_ROT3
Change Component Designator: OldDesignator=R?_ROT3 NewDesignator=R18_ROT3
Change Component Designator: OldDesignator=R?_ROT3 NewDesignator=R19_ROT3
Change Component Designator: OldDesignator=R?_ROT3 NewDesignator=R20_ROT3
Change Component Designator: OldDesignator=R?_ROT3 NewDesignator=R21_ROT3
Change Component Designator: OldDesignator=R?_ROT3 NewDesignator=R22_ROT3
Change Component Designator: OldDesignator=R?_ROT3 NewDesignator=R23_ROT3
Change Component Designator: OldDesignator=R?_ROT3 NewDesignator=R24_ROT3
Change Component Designator: OldDesignator=R?_ROT3 NewDesignator=R25_ROT3
Change Component Designator: OldDesignator=S?_ROT1 NewDesignator=S1_ROT1
Change Component Designator: OldDesignator=S?_ROT2 NewDesignator=S1_ROT2
Change Component Designator: OldDesignator=S?_ROT3 NewDesignator=S1_ROT3
Change Component Designator: OldDesignator=X? NewDesignator=X1
Change Component Designator: OldDesignator=X? NewDesignator=X2
Change Component Designator: OldDesignator=X? NewDesignator=X3
Change Component Designator: OldDesignator=X? NewDesignator=X4
Change Net Name : Old Net Name=NetR?_ROT1_1 New Net Name=NetR16_ROT1_1
Change Net Name : Old Net Name=NetR?_ROT1_2 New Net Name=NetR15_ROT1_2
Change Net Name : Old Net Name=NetR?_ROT2_1 New Net Name=NetR16_ROT2_1
Change Net Name : Old Net Name=NetR?_ROT2_2 New Net Name=NetR15_ROT2_2
Change Net Name : Old Net Name=NetR?_ROT3_1 New Net Name=NetR16_ROT3_1
Change Net Name : Old Net Name=NetR?_ROT3_2 New Net Name=NetR15_ROT3_2
Change Net Name : Old Net Name=NetS?_ROT1_13 New Net Name=NetS1_ROT1_13
Change Net Name : Old Net Name=NetS?_ROT2_13 New Net Name=NetS1_ROT2_13
Change Net Name : Old Net Name=NetS?_ROT3_13 New Net Name=NetS1_ROT3_13
Added Pin To Net: NetName=NetR17_ROT1_2 Pin=R17_ROT1-2
Added Pin To Net: NetName=NetR17_ROT1_2 Pin=R18_ROT1-2
Added Pin To Net: NetName=NetR17_ROT1_2 Pin=S1_ROT1-4
Added Net: Name=NetR17_ROT1_2
Added Pin To Net: NetName=NetR17_ROT2_2 Pin=R17_ROT2-2
Added Pin To Net: NetName=NetR17_ROT2_2 Pin=R18_ROT2-2
Added Pin To Net: NetName=NetR17_ROT2_2 Pin=S1_ROT2-4
Added Net: Name=NetR17_ROT2_2
Added Pin To Net: NetName=NetR17_ROT3_2 Pin=R17_ROT3-2
Added Pin To Net: NetName=NetR17_ROT3_2 Pin=R18_ROT3-2
Added Pin To Net: NetName=NetR17_ROT3_2 Pin=S1_ROT3-4
Added Net: Name=NetR17_ROT3_2
Added Pin To Net: NetName=NetR18_ROT1_1 Pin=R18_ROT1-1
Added Pin To Net: NetName=NetR18_ROT1_1 Pin=R19_ROT1-1
Added Pin To Net: NetName=NetR18_ROT1_1 Pin=S1_ROT1-5
Added Net: Name=NetR18_ROT1_1
Added Pin To Net: NetName=NetR18_ROT2_1 Pin=R18_ROT2-1
Added Pin To Net: NetName=NetR18_ROT2_1 Pin=R19_ROT2-1
Added Pin To Net: NetName=NetR18_ROT2_1 Pin=S1_ROT2-5
Added Net: Name=NetR18_ROT2_1
Added Pin To Net: NetName=NetR18_ROT3_1 Pin=R18_ROT3-1
Added Pin To Net: NetName=NetR18_ROT3_1 Pin=R19_ROT3-1
Added Pin To Net: NetName=NetR18_ROT3_1 Pin=S1_ROT3-5
Added Net: Name=NetR18_ROT3_1
Added Pin To Net: NetName=NetR19_ROT1_2 Pin=R19_ROT1-2
Added Pin To Net: NetName=NetR19_ROT1_2 Pin=R20_ROT1-2
Added Pin To Net: NetName=NetR19_ROT1_2 Pin=S1_ROT1-6
Added Net: Name=NetR19_ROT1_2
Added Pin To Net: NetName=NetR19_ROT2_2 Pin=R19_ROT2-2
Added Pin To Net: NetName=NetR19_ROT2_2 Pin=R20_ROT2-2
Added Pin To Net: NetName=NetR19_ROT2_2 Pin=S1_ROT2-6
Added Net: Name=NetR19_ROT2_2
Added Pin To Net: NetName=NetR19_ROT3_2 Pin=R19_ROT3-2
Added Pin To Net: NetName=NetR19_ROT3_2 Pin=R20_ROT3-2
Added Pin To Net: NetName=NetR19_ROT3_2 Pin=S1_ROT3-6
Added Net: Name=NetR19_ROT3_2
Added Pin To Net: NetName=NetR20_ROT1_1 Pin=R20_ROT1-1
Added Pin To Net: NetName=NetR20_ROT1_1 Pin=R21_ROT1-1
Added Pin To Net: NetName=NetR20_ROT1_1 Pin=S1_ROT1-7
Added Net: Name=NetR20_ROT1_1
Added Pin To Net: NetName=NetR20_ROT2_1 Pin=R20_ROT2-1
Added Pin To Net: NetName=NetR20_ROT2_1 Pin=R21_ROT2-1
Added Pin To Net: NetName=NetR20_ROT2_1 Pin=S1_ROT2-7
Added Net: Name=NetR20_ROT2_1
Added Pin To Net: NetName=NetR20_ROT3_1 Pin=R20_ROT3-1
Added Pin To Net: NetName=NetR20_ROT3_1 Pin=R21_ROT3-1
Added Pin To Net: NetName=NetR20_ROT3_1 Pin=S1_ROT3-7
Added Net: Name=NetR20_ROT3_1
Added Pin To Net: NetName=NetR21_ROT1_2 Pin=R21_ROT1-2
Added Pin To Net: NetName=NetR21_ROT1_2 Pin=R22_ROT1-2
Added Pin To Net: NetName=NetR21_ROT1_2 Pin=S1_ROT1-8
Added Net: Name=NetR21_ROT1_2
Added Pin To Net: NetName=NetR21_ROT2_2 Pin=R21_ROT2-2
Added Pin To Net: NetName=NetR21_ROT2_2 Pin=R22_ROT2-2
Added Pin To Net: NetName=NetR21_ROT2_2 Pin=S1_ROT2-8
Added Net: Name=NetR21_ROT2_2
Added Pin To Net: NetName=NetR21_ROT3_2 Pin=R21_ROT3-2
Added Pin To Net: NetName=NetR21_ROT3_2 Pin=R22_ROT3-2
Added Pin To Net: NetName=NetR21_ROT3_2 Pin=S1_ROT3-8
Added Net: Name=NetR21_ROT3_2
Added Pin To Net: NetName=NetR22_ROT1_1 Pin=R22_ROT1-1
Added Pin To Net: NetName=NetR22_ROT1_1 Pin=R23_ROT1-1
Added Pin To Net: NetName=NetR22_ROT1_1 Pin=S1_ROT1-9
Added Net: Name=NetR22_ROT1_1
Added Pin To Net: NetName=NetR22_ROT2_1 Pin=R22_ROT2-1
Added Pin To Net: NetName=NetR22_ROT2_1 Pin=R23_ROT2-1
Added Pin To Net: NetName=NetR22_ROT2_1 Pin=S1_ROT2-9
Added Net: Name=NetR22_ROT2_1
Added Pin To Net: NetName=NetR22_ROT3_1 Pin=R22_ROT3-1
Added Pin To Net: NetName=NetR22_ROT3_1 Pin=R23_ROT3-1
Added Pin To Net: NetName=NetR22_ROT3_1 Pin=S1_ROT3-9
Added Net: Name=NetR22_ROT3_1
Added Pin To Net: NetName=NetR23_ROT1_2 Pin=R23_ROT1-2
Added Pin To Net: NetName=NetR23_ROT1_2 Pin=R24_ROT1-2
Added Pin To Net: NetName=NetR23_ROT1_2 Pin=S1_ROT1-10
Added Net: Name=NetR23_ROT1_2
Added Pin To Net: NetName=NetR23_ROT2_2 Pin=R23_ROT2-2
Added Pin To Net: NetName=NetR23_ROT2_2 Pin=R24_ROT2-2
Added Pin To Net: NetName=NetR23_ROT2_2 Pin=S1_ROT2-10
Added Net: Name=NetR23_ROT2_2
Added Pin To Net: NetName=NetR23_ROT3_2 Pin=R23_ROT3-2
Added Pin To Net: NetName=NetR23_ROT3_2 Pin=R24_ROT3-2
Added Pin To Net: NetName=NetR23_ROT3_2 Pin=S1_ROT3-10
Added Net: Name=NetR23_ROT3_2
Added Pin To Net: NetName=NetR24_ROT1_1 Pin=R24_ROT1-1
Added Pin To Net: NetName=NetR24_ROT1_1 Pin=R25_ROT1-1
Added Pin To Net: NetName=NetR24_ROT1_1 Pin=S1_ROT1-11
Added Net: Name=NetR24_ROT1_1
Added Pin To Net: NetName=NetR24_ROT2_1 Pin=R24_ROT2-1
Added Pin To Net: NetName=NetR24_ROT2_1 Pin=R25_ROT2-1
Added Pin To Net: NetName=NetR24_ROT2_1 Pin=S1_ROT2-11
Added Net: Name=NetR24_ROT2_1
Added Pin To Net: NetName=NetR24_ROT3_1 Pin=R24_ROT3-1
Added Pin To Net: NetName=NetR24_ROT3_1 Pin=R25_ROT3-1
Added Pin To Net: NetName=NetR24_ROT3_1 Pin=S1_ROT3-11
Added Net: Name=NetR24_ROT3_1
Added Member To Class: ClassName=ROT1 Member=Component R16_ROT1 (R16) Res3
Added Member To Class: ClassName=ROT2 Member=Component R16_ROT2 (R16) Res3
Added Member To Class: ClassName=ROT3 Member=Component R16_ROT3 (R16) Res3
Added Member To Class: ClassName=ROT1 Member=Component R17_ROT1 (R17) Res3
Added Member To Class: ClassName=ROT2 Member=Component R17_ROT2 (R17) Res3
Added Member To Class: ClassName=ROT3 Member=Component R17_ROT3 (R17) Res3
Added Member To Class: ClassName=ROT1 Member=Component R18_ROT1 (R18) Res3
Added Member To Class: ClassName=ROT2 Member=Component R18_ROT2 (R18) Res3
Added Member To Class: ClassName=ROT3 Member=Component R18_ROT3 (R18) Res3
Added Member To Class: ClassName=ROT1 Member=Component R19_ROT1 (R19) Res3
Added Member To Class: ClassName=ROT2 Member=Component R19_ROT2 (R19) Res3
Added Member To Class: ClassName=ROT3 Member=Component R19_ROT3 (R19) Res3
Added Member To Class: ClassName=ROT1 Member=Component R20_ROT1 (R20) Res3
Added Member To Class: ClassName=ROT2 Member=Component R20_ROT2 (R20) Res3
Added Member To Class: ClassName=ROT3 Member=Component R20_ROT3 (R20) Res3
Added Member To Class: ClassName=ROT1 Member=Component R21_ROT1 (R21) Res3
Added Member To Class: ClassName=ROT2 Member=Component R21_ROT2 (R21) Res3
Added Member To Class: ClassName=ROT3 Member=Component R21_ROT3 (R21) Res3
Added Member To Class: ClassName=ROT1 Member=Component R22_ROT1 (R22) Res3
Added Member To Class: ClassName=ROT2 Member=Component R22_ROT2 (R22) Res3
Added Member To Class: ClassName=ROT3 Member=Component R22_ROT3 (R22) Res3
Added Member To Class: ClassName=ROT1 Member=Component R23_ROT1 (R23) Res3
Added Member To Class: ClassName=ROT2 Member=Component R23_ROT2 (R23) Res3
Added Member To Class: ClassName=ROT3 Member=Component R23_ROT3 (R23) Res3
Added Member To Class: ClassName=ROT1 Member=Component R24_ROT1 (R24) Res3
Added Member To Class: ClassName=ROT2 Member=Component R24_ROT2 (R24) Res3
Added Member To Class: ClassName=ROT3 Member=Component R24_ROT3 (R24) Res3
Added Member To Class: ClassName=ROT1 Member=Component R25_ROT1 (R25) Res3
Added Member To Class: ClassName=ROT2 Member=Component R25_ROT2 (R25) Res3
Added Member To Class: ClassName=ROT3 Member=Component R25_ROT3 (R25) Res3
Added Member To Class: ClassName=Dashboard Member=Component X1 EN3P12MX
Added Member To Class: ClassName=Dashboard Member=Component X2 043650-0409
Added Member To Class: ClassName=Dashboard Member=Component X4 043650-0409
