Added Component: Designator=C?(C0805)
Add component. Clean all parameters for all variants
Add component (AddParameter): Name = "LatestRevisionDate"; Value = "17-Jul-2002"; VariantName = "[No Variations]"
Add component (AddParameter): Name = "LatestRevisionNote"; Value = "Re-released for DXP Platform."; VariantName = "[No Variations]"
Add component (AddParameter): Name = "PackageDescription"; Value = "Radial Cap, Thru-Hole; 2 Leads; 0.3 in Pin Spacing"; VariantName = "[No Variations]"
Add component (AddParameter): Name = "PackageReference"; Value = "RAD-0.3"; VariantName = "[No Variations]"
Add component (AddParameter): Name = "Published"; Value = "8-Jun-2000"; VariantName = "[No Variations]"
Add component (AddParameter): Name = "Publisher"; Value = "Altium Limited"; VariantName = "[No Variations]"
Add component (AddParameter): Name = "Value"; Value = "0.1uF"; VariantName = "[No Variations]"
Added Component: Designator=D?(MCC-SOD123_V)
Add component. Clean all parameters for all variants
Add component (AddParameter): Name = "Average Forward Current-Max"; Value = "0.15A"; VariantName = "[No Variations]"
Add component (AddParameter): Name = "Datasheet URL"; Value = "https://datasheet.ciiva.com/16836/1n4148wsod123-16836277.pdf"; VariantName = "[No Variations]"
Add component (AddParameter): Name = "Datasheet Version"; Value = "Rev. C, 07/2014"; VariantName = "[No Variations]"
Add component (AddParameter): Name = "Manufacturer"; Value = "Micro Commercial Components"; VariantName = "[No Variations]"
Add component (AddParameter): Name = "Manufacturer URL"; Value = "http://www.mccsemi.com/"; VariantName = "[No Variations]"
Add component (AddParameter): Name = "Package Description"; Value = "2-Pin Small Outline Diode, Body 2.7 x 1.6 mm, Height 1.35 mm"; VariantName = "[No Variations]"
Add component (AddParameter): Name = "Package Reference"; Value = "SOD123"; VariantName = "[No Variations]"
Add component (AddParameter): Name = "Package URL"; Value = "http://www.mccsemi.com/up_pdf/1N4448W(SOD-123).pdf"; VariantName = "[No Variations]"
Add component (AddParameter): Name = "Peak Current-Max"; Value = "2A"; VariantName = "[No Variations]"
Add component (AddParameter): Name = "Power Dissipation"; Value = "400mW"; VariantName = "[No Variations]"
Add component (AddParameter): Name = "Reverse Recovery Time-Max"; Value = "4ns"; VariantName = "[No Variations]"
Add component (AddParameter): Name = "Reverse Voltage-Max [Vrrm]"; Value = "100V"; VariantName = "[No Variations]"
Added Component: Designator=JP1(RESC0805(2012)_L)
Add component. Clean all parameters for all variants
Add component (AddParameter): Name = "Case-EIA"; Value = "0805"; VariantName = "[No Variations]"
Add component (AddParameter): Name = "Case-Metric"; Value = "2012"; VariantName = "[No Variations]"
Add component (AddParameter): Name = "Power"; Value = "None"; VariantName = "[No Variations]"
Add component (AddParameter): Name = "Technology"; Value = "SMT"; VariantName = "[No Variations]"
Add component (AddParameter): Name = "Tolerance"; Value = "None"; VariantName = "[No Variations]"
Add component (AddParameter): Name = "Value"; Value = "0.00 Ohm"; VariantName = "[No Variations]"
Added Component: Designator=R?(6-0805_L)
Add component. Clean all parameters for all variants
Add component (AddParameter): Name = "LatestRevisionDate"; Value = "17-Jul-2002"; VariantName = "[No Variations]"
Add component (AddParameter): Name = "LatestRevisionNote"; Value = "Re-released for DXP Platform."; VariantName = "[No Variations]"
Add component (AddParameter): Name = "PackageDescription"; Value = "Axial Device, Thru-Hole; 2 Leads; 0.3 in Pin Spacing"; VariantName = "[No Variations]"
Add component (AddParameter): Name = "PackageReference"; Value = "AXIAL-0.3"; VariantName = "[No Variations]"
Add component (AddParameter): Name = "Published"; Value = "8-Jun-2000"; VariantName = "[No Variations]"
Add component (AddParameter): Name = "Publisher"; Value = "Altium Limited"; VariantName = "[No Variations]"
Add component (AddParameter): Name = "Value"; Value = "1K"; VariantName = "[No Variations]"
Added Pin To Net: NetName=GND Pin=C?-1
Added Pin To Net: NetName=VCC Pin=D?-2
Added Pin To Net: NetName=GND Pin=JP1-2
Added Pin To Net: NetName=VCC Pin=R?-2
Added Pin To Net: NetName=NetC?_2 Pin=C?-2
Added Pin To Net: NetName=NetC?_2 Pin=D?-1
Added Pin To Net: NetName=NetC?_2 Pin=JP1-1
Added Pin To Net: NetName=NetC?_2 Pin=R?-1
Added Net: Name=NetC?_2
Added Member To Class: ClassName=Dashboard Member=Component C? Cap
Added Member To Class: ClassName=Dashboard Member=Component D? 1N4148W-TP
Added Member To Class: ClassName=Dashboard Member=Component JP1 Jumper 0805(2012)
Added Member To Class: ClassName=Dashboard Member=Component R? Res1
Added Member To Class: ClassName=Dashboard Member=Component U1 FT801Q-R
