Removed Pin From Net: NetName=GND Pin=J?-1
Removed Pin From Net: NetName=GND Pin=J?-3
Removed Pin From Net: NetName=3.3V Pin=J?-4
Removed Pin From Net: NetName=GND Pin=J?-6
Removed Pin From Net: NetName=R2 Pin=J?-7
Removed Pin From Net: NetName=R3 Pin=J?-8
Removed Pin From Net: NetName=R4 Pin=J?-9
Removed Pin From Net: NetName=R5 Pin=J?-10
Removed Pin From Net: NetName=R6 Pin=J?-11
Removed Pin From Net: NetName=R7 Pin=J?-12
Removed Pin From Net: NetName=GND Pin=J?-13
Removed Pin From Net: NetName=GND Pin=J?-14
Removed Pin From Net: NetName=G2 Pin=J?-15
Removed Pin From Net: NetName=G3 Pin=J?-16
Removed Pin From Net: NetName=G4 Pin=J?-17
Removed Pin From Net: NetName=G5 Pin=J?-18
Removed Pin From Net: NetName=G6 Pin=J?-19
Removed Pin From Net: NetName=G7 Pin=J?-20
Removed Pin From Net: NetName=GND Pin=J?-21
Removed Pin From Net: NetName=GND Pin=J?-22
Removed Pin From Net: NetName=B2 Pin=J?-23
Removed Pin From Net: NetName=B3 Pin=J?-24
Removed Pin From Net: NetName=B4 Pin=J?-25
Removed Pin From Net: NetName=B5 Pin=J?-26
Removed Pin From Net: NetName=B6 Pin=J?-27
Removed Pin From Net: NetName=B7 Pin=J?-28
Removed Pin From Net: NetName=GND Pin=J?-29
Removed Pin From Net: NetName=DCLK Pin=J?-30
Removed Pin From Net: NetName=DISP_EN Pin=J?-31
Removed Pin From Net: NetName=HSYNC Pin=J?-32
Removed Pin From Net: NetName=VSYNC Pin=J?-33
Removed Pin From Net: NetName=D_EN Pin=J?-34
Added Pin To Net: NetName=D_EN Pin=J?-7
Added Pin To Net: NetName=VSYNC Pin=J?-8
Added Pin To Net: NetName=HSYNC Pin=J?-9
Added Pin To Net: NetName=DISP_EN Pin=J?-10
Added Pin To Net: NetName=DCLK Pin=J?-11
Added Pin To Net: NetName=GND Pin=J?-12
Added Pin To Net: NetName=B7 Pin=J?-13
Added Pin To Net: NetName=B6 Pin=J?-14
Added Pin To Net: NetName=B5 Pin=J?-15
Added Pin To Net: NetName=B4 Pin=J?-16
Added Pin To Net: NetName=B3 Pin=J?-17
Added Pin To Net: NetName=B2 Pin=J?-18
Added Pin To Net: NetName=GND Pin=J?-19
Added Pin To Net: NetName=GND Pin=J?-20
Added Pin To Net: NetName=G7 Pin=J?-21
Added Pin To Net: NetName=G6 Pin=J?-22
Added Pin To Net: NetName=G5 Pin=J?-23
Added Pin To Net: NetName=G4 Pin=J?-24
Added Pin To Net: NetName=G3 Pin=J?-25
Added Pin To Net: NetName=G2 Pin=J?-26
Added Pin To Net: NetName=GND Pin=J?-27
Added Pin To Net: NetName=GND Pin=J?-28
Added Pin To Net: NetName=R7 Pin=J?-29
Added Pin To Net: NetName=R6 Pin=J?-30
Added Pin To Net: NetName=R5 Pin=J?-31
Added Pin To Net: NetName=R4 Pin=J?-32
Added Pin To Net: NetName=R3 Pin=J?-33
Added Pin To Net: NetName=R2 Pin=J?-34
Added Pin To Net: NetName=GND Pin=J?-35
Added Pin To Net: NetName=3.3V Pin=J?-37
Added Pin To Net: NetName=GND Pin=J?-38
Added Pin To Net: NetName=GND Pin=J?-40
Added Pin To Net: NetName=NetJ?_39 Pin=J?-39
Added Net: Name=NetJ?_39
