Removed Pin From Net: NetName=GND Pin=C?_Comp1-1
Removed Pin From Net: NetName=+12 Pin=C?_Comp1-2
Removed Pin From Net: NetName=+12 Pin=U?_Comp1-3
Removed Pin From Net: NetName=+12 Pin=U?_Comp1-3
Removed Pin From Net: NetName=+12 Pin=U?_Comp1-3
Removed Pin From Net: NetName=+12 Pin=U?_Comp1-3
Removed Pin From Net: NetName=GND Pin=U?_Comp1-12
Removed Pin From Net: NetName=GND Pin=U?_Comp1-12
Removed Pin From Net: NetName=GND Pin=U?_Comp1-12
Change Component Designator: OldDesignator=C?_Comp2 NewDesignator=C?
Change Component Designator: OldDesignator=U?_Comp2 NewDesignator=U?
Change Component Designator: OldDesignator=U?_Comp2 NewDesignator=U?
Change Component Designator: OldDesignator=U?_Comp2 NewDesignator=U?
Change Component Designator: OldDesignator=U?_Comp2 NewDesignator=U?
Change Net Name : Old Net Name=NetU?_Comp2_1 New Net Name=NetU?_1
Change Net Name : Old Net Name=NetU?_Comp2_2 New Net Name=NetU?_2
Change Net Name : Old Net Name=NetU?_Comp2_4 New Net Name=NetU?_4
Change Net Name : Old Net Name=NetU?_Comp2_5 New Net Name=NetU?_5
Change Net Name : Old Net Name=NetU?_Comp2_6 New Net Name=NetU?_6
Change Net Name : Old Net Name=NetU?_Comp2_7 New Net Name=NetU?_7
Change Net Name : Old Net Name=NetU?_Comp2_8 New Net Name=NetU?_8
Change Net Name : Old Net Name=NetU?_Comp2_9 New Net Name=NetU?_9
Change Net Name : Old Net Name=NetU?_Comp2_10 New Net Name=NetU?_10
Change Net Name : Old Net Name=NetU?_Comp2_11 New Net Name=NetU?_11
Change Net Name : Old Net Name=NetU?_Comp2_13 New Net Name=NetU?_13
Change Net Name : Old Net Name=NetU?_Comp2_14 New Net Name=NetU?_14
Added Class: Name=Comp
Change Room Name: Old Name=Comp2 New Name=Comp
Change Room Scope: Old Scope=InComponentClass('Comp2') New Scope=InComponentClass('Comp')
