Change Component Designator: OldDesignator=C? NewDesignator=C?_Comp2
Change Component Designator: OldDesignator=U1 NewDesignator=U1_Comp2
Added Component: Designator=C?_Comp1(1608[0603])
Add component. Clean all parameters for all variants
Add component (AddParameter): Name = "LatestRevisionDate"; Value = "17-Jul-2002"; VariantName = "[No Variations]"
Add component (AddParameter): Name = "LatestRevisionNote"; Value = "Re-released for DXP Platform."; VariantName = "[No Variations]"
Add component (AddParameter): Name = "PackageDescription"; Value = "Radial Cap, Thru-Hole; 2 Leads; 0.3 in Pin Spacing"; VariantName = "[No Variations]"
Add component (AddParameter): Name = "PackageReference"; Value = "RAD-0.3"; VariantName = "[No Variations]"
Add component (AddParameter): Name = "Published"; Value = "8-Jun-2000"; VariantName = "[No Variations]"
Add component (AddParameter): Name = "Publisher"; Value = "Altium Limited"; VariantName = "[No Variations]"
Add component (AddParameter): Name = "Value"; Value = "0.1uF"; VariantName = "[No Variations]"
Added Component: Designator=U1_Comp1(ONSC-TSSOP-14-948G-01_V)
Add component. Clean all parameters for all variants
Add component (AddParameter): Name = "ComponentLink1Description"; Value = "Manufacturer URL"; VariantName = "[No Variations]"
Add component (AddParameter): Name = "ComponentLink1URL"; Value = "http://www.onsemi.com/"; VariantName = "[No Variations]"
Add component (AddParameter): Name = "ComponentLink2Description"; Value = "Datasheet"; VariantName = "[No Variations]"
Add component (AddParameter): Name = "ComponentLink2URL"; Value = "http://www.onsemi.com/pub_link/Collateral/LM339-D.PDF"; VariantName = "[No Variations]"
Add component (AddParameter): Name = "ComponentLink3Description"; Value = "Package Specification"; VariantName = "[No Variations]"
Add component (AddParameter): Name = "ComponentLink3URL"; Value = "http://www.onsemi.com/pub_link/Collateral/948G-01.PDF"; VariantName = "[No Variations]"
Add component (AddParameter): Name = "DatasheetVersion"; Value = "Rev. 20"; VariantName = "[No Variations]"
Add component (AddParameter): Name = "IO Typ (mA)"; Value = "16"; VariantName = "[No Variations]"
Add component (AddParameter): Name = "Manufacturer"; Value = "On Semiconductor"; VariantName = "[No Variations]"
Add component (AddParameter): Name = "Mounting Technology"; Value = "Surface Mount"; VariantName = "[No Variations]"
Add component (AddParameter): Name = "PackageDescription"; Value = "14-Pin Small Outline Package, Body 5 x 4.4 mm, Pitch 0.65 mm"; VariantName = "[No Variations]"
Add component (AddParameter): Name = "PackageReference"; Value = "TSSOP-14-948G-01"; VariantName = "[No Variations]"
Add component (AddParameter): Name = "PackageVersion"; Value = "Rev. B, 10/2006"; VariantName = "[No Variations]"
Add component (AddParameter): Name = "Packing"; Value = "Tape and Reel"; VariantName = "[No Variations]"
Add component (AddParameter): Name = "PartId"; Value = "1"; VariantName = "[No Variations]"
Add component (AddParameter): Name = "PartNumber"; Value = "LM2901VDTBR2G"; VariantName = "[No Variations]"
Add component (AddParameter): Name = "RoHS"; Value = "TRUE"; VariantName = "[No Variations]"
Added Pin To Net: NetName=GND Pin=C?_Comp1-1
Added Pin To Net: NetName=+12 Pin=C?_Comp1-2
Added Pin To Net: NetName=GND Pin=U1_Comp1-12
Added Pin To Net: NetName=GND Pin=U1_Comp2-12
Added Pin To Net: NetName=NetU1_Comp1_1 Pin=U1_Comp1-1
Added Net: Name=NetU1_Comp1_1
Added Pin To Net: NetName=NetU1_Comp1_2 Pin=U1_Comp1-2
Added Net: Name=NetU1_Comp1_2
Added Pin To Net: NetName=NetU1_Comp1_4 Pin=U1_Comp1-4
Added Net: Name=NetU1_Comp1_4
Added Pin To Net: NetName=NetU1_Comp1_5 Pin=U1_Comp1-5
Added Net: Name=NetU1_Comp1_5
Added Pin To Net: NetName=NetU1_Comp1_6 Pin=U1_Comp1-6
Added Net: Name=NetU1_Comp1_6
Added Pin To Net: NetName=NetU1_Comp1_7 Pin=U1_Comp1-7
Added Net: Name=NetU1_Comp1_7
Added Pin To Net: NetName=NetU1_Comp1_8 Pin=U1_Comp1-8
Added Net: Name=NetU1_Comp1_8
Added Pin To Net: NetName=NetU1_Comp1_9 Pin=U1_Comp1-9
Added Net: Name=NetU1_Comp1_9
Added Pin To Net: NetName=NetU1_Comp1_10 Pin=U1_Comp1-10
Added Net: Name=NetU1_Comp1_10
Added Pin To Net: NetName=NetU1_Comp1_11 Pin=U1_Comp1-11
Added Net: Name=NetU1_Comp1_11
Added Pin To Net: NetName=NetU1_Comp1_13 Pin=U1_Comp1-13
Added Net: Name=NetU1_Comp1_13
Added Pin To Net: NetName=NetU1_Comp1_14 Pin=U1_Comp1-14
Added Net: Name=NetU1_Comp1_14
Added Pin To Net: NetName=NetU1_Comp2_1 Pin=U1_Comp2-1
Added Net: Name=NetU1_Comp2_1
Added Pin To Net: NetName=NetU1_Comp2_2 Pin=U1_Comp2-2
Added Net: Name=NetU1_Comp2_2
Added Pin To Net: NetName=NetU1_Comp2_4 Pin=U1_Comp2-4
Added Net: Name=NetU1_Comp2_4
Added Pin To Net: NetName=NetU1_Comp2_5 Pin=U1_Comp2-5
Added Net: Name=NetU1_Comp2_5
Added Pin To Net: NetName=NetU1_Comp2_6 Pin=U1_Comp2-6
Added Net: Name=NetU1_Comp2_6
Added Pin To Net: NetName=NetU1_Comp2_7 Pin=U1_Comp2-7
Added Net: Name=NetU1_Comp2_7
Added Pin To Net: NetName=NetU1_Comp2_8 Pin=U1_Comp2-8
Added Net: Name=NetU1_Comp2_8
Added Pin To Net: NetName=NetU1_Comp2_9 Pin=U1_Comp2-9
Added Net: Name=NetU1_Comp2_9
Added Pin To Net: NetName=NetU1_Comp2_10 Pin=U1_Comp2-10
Added Net: Name=NetU1_Comp2_10
Added Pin To Net: NetName=NetU1_Comp2_11 Pin=U1_Comp2-11
Added Net: Name=NetU1_Comp2_11
Added Pin To Net: NetName=NetU1_Comp2_13 Pin=U1_Comp2-13
Added Net: Name=NetU1_Comp2_13
Added Pin To Net: NetName=NetU1_Comp2_14 Pin=U1_Comp2-14
Added Net: Name=NetU1_Comp2_14
Added Pin To Net: NetName=VCC Pin=U1_Comp1-3
Added Pin To Net: NetName=VCC Pin=U1_Comp2-3
Added Net: Name=VCC
Change Class Name : Old Net Name=Comp New Net Name=Comp2
Added Class: Name=Comp1
Added Class: Name=Quad Comparator
Change Room Name: Old Name=Comp New Name=Comp2
Change Room Scope: Old Scope=InComponentClass('Comp') New Scope=InComponentClass('Comp2')
Added Room: Name=Comp1
