########### array before sorts ###########
0	0.000000	0.000000	85.090000	0.000000	n
1	0.000000	102.870000	0.000000	0.000000	n
2	85.090000	0.000000	85.090000	15.494000	n
3	85.090000	15.494000	64.008000	15.494000	n
4	64.008000	15.494000	64.008000	102.870000	n
5	64.008000	102.870000	0.000000	102.870000	n
Tolerance=0.050000.
*Exact match for i=0 and j=2.
*i point 0.000000	0.000000	85.090000	0.000000	y
*Exact match for i=1 and j=3.
*i point 85.090000	0.000000	85.090000	15.494000	y
*Exact match for i=2 and j=4.
*i point 85.090000	15.494000	64.008000	15.494000	y
*Exact match for i=3 and j=5.
*i point 64.008000	15.494000	64.008000	102.870000	y
*Exact match for i=4 and j=5.
*i point 64.008000	102.870000	0.000000	102.870000	y
########### array after sorts ###########
0	0.000000	0.000000	85.090000	0.000000	y
1	85.090000	0.000000	85.090000	15.494000	y
2	85.090000	15.494000	64.008000	15.494000	y
3	64.008000	15.494000	64.008000	102.870000	y
4	64.008000	102.870000	0.000000	102.870000	y
5	0.000000	102.870000	0.000000	0.000000	y
***************
.BOARD_OUTLINE UNOWNED
1.6
0     0.000000     0.000000     0
0     85.090000     0.000000     0
0     85.090000     15.494000     0
0     64.008000     15.494000     0
0     64.008000     102.870000     0
0     0.000000     102.870000     0
0     0.000000     0.000000     0
