########### array before sorts ###########
0	0.000000	50.968225	0.000000	17.032000	n
1	0.000000	17.032000	0.069239	16.506080	n
2	0.069239	16.506080	0.272236	16.016000	n
3	0.272236	16.016000	0.595159	15.595159	n
4	0.595159	15.595159	1.016000	15.272236	n
5	1.016000	15.272236	1.506080	15.069239	n
6	1.506080	15.069239	2.032000	15.000000	n
7	2.032000	15.000000	87.949603	15.000000	n
8	87.949603	15.000000	88.475523	15.069239	n
9	88.475523	15.069239	88.965603	15.272236	n
10	88.965603	15.272236	89.386444	15.595159	n
11	89.386444	15.595159	89.709367	16.016000	n
12	89.709367	16.016000	89.912364	16.506080	n
13	89.912364	16.506080	89.981603	17.031159	n
14	89.981603	17.031159	90.008394	50.974881	n
15	90.008394	50.974881	89.939717	51.501044	n
16	89.939717	51.501044	89.737197	51.991504	n
17	89.737197	51.991504	89.414637	52.412836	n
18	89.414637	52.412836	88.994020	52.736327	n
19	88.994020	52.736327	88.504009	52.939931	n
20	88.504009	52.939931	87.977998	53.009774	n
21	87.977998	53.009774	87.976169	53.009775	n
22	87.976169	53.009775	2.031775	53.000225	n
23	2.031775	53.000225	1.506643	52.931945	n
24	1.506643	52.931945	1.017078	52.730080	n
25	1.017078	52.730080	0.596441	52.408384	n
26	0.596441	52.408384	0.273397	51.988782	n
27	0.273397	51.988782	0.069962	51.499867	n
28	0.069962	51.499867	-0.000001	50.974958	n
29	-0.000001	50.974958	0.000000	50.968225	n
Tolerance=0.050000.
*Exact match for i=0 and j=1.
*i point 0.000000	50.968225	0.000000	17.032000	y
*Exact match for i=1 and j=2.
*i point 0.000000	17.032000	0.069239	16.506080	y
*Exact match for i=2 and j=3.
*i point 0.069239	16.506080	0.272236	16.016000	y
*Exact match for i=3 and j=4.
*i point 0.272236	16.016000	0.595159	15.595159	y
*Exact match for i=4 and j=5.
*i point 0.595159	15.595159	1.016000	15.272236	y
*Exact match for i=5 and j=6.
*i point 1.016000	15.272236	1.506080	15.069239	y
*Exact match for i=6 and j=7.
*i point 1.506080	15.069239	2.032000	15.000000	y
*Exact match for i=7 and j=8.
*i point 2.032000	15.000000	87.949603	15.000000	y
*Exact match for i=8 and j=9.
*i point 87.949603	15.000000	88.475523	15.069239	y
*Exact match for i=9 and j=10.
*i point 88.475523	15.069239	88.965603	15.272236	y
*Exact match for i=10 and j=11.
*i point 88.965603	15.272236	89.386444	15.595159	y
*Exact match for i=11 and j=12.
*i point 89.386444	15.595159	89.709367	16.016000	y
*Exact match for i=12 and j=13.
*i point 89.709367	16.016000	89.912364	16.506080	y
*Exact match for i=13 and j=14.
*i point 89.912364	16.506080	89.981603	17.031159	y
*Exact match for i=14 and j=15.
*i point 89.981603	17.031159	90.008394	50.974881	y
*Exact match for i=15 and j=16.
*i point 90.008394	50.974881	89.939717	51.501044	y
*Exact match for i=16 and j=17.
*i point 89.939717	51.501044	89.737197	51.991504	y
*Exact match for i=17 and j=18.
*i point 89.737197	51.991504	89.414637	52.412836	y
*Exact match for i=18 and j=19.
*i point 89.414637	52.412836	88.994020	52.736327	y
*Exact match for i=19 and j=20.
*i point 88.994020	52.736327	88.504009	52.939931	y
*Exact match for i=20 and j=21.
*i point 88.504009	52.939931	87.977998	53.009774	y
*Exact match for i=21 and j=22.
*i point 87.977998	53.009774	87.976169	53.009775	y
*Exact match for i=22 and j=23.
*i point 87.976169	53.009775	2.031775	53.000225	y
*Exact match for i=23 and j=24.
*i point 2.031775	53.000225	1.506643	52.931945	y
*Exact match for i=24 and j=25.
*i point 1.506643	52.931945	1.017078	52.730080	y
*Exact match for i=25 and j=26.
*i point 1.017078	52.730080	0.596441	52.408384	y
*Exact match for i=26 and j=27.
*i point 0.596441	52.408384	0.273397	51.988782	y
*Exact match for i=27 and j=28.
*i point 0.273397	51.988782	0.069962	51.499867	y
No match for i=29.
########### array after sorts ###########
0	0.000000	50.968225	0.000000	17.032000	y
1	0.000000	17.032000	0.069239	16.506080	y
2	0.069239	16.506080	0.272236	16.016000	y
3	0.272236	16.016000	0.595159	15.595159	y
4	0.595159	15.595159	1.016000	15.272236	y
5	1.016000	15.272236	1.506080	15.069239	y
6	1.506080	15.069239	2.032000	15.000000	y
7	2.032000	15.000000	87.949603	15.000000	y
8	87.949603	15.000000	88.475523	15.069239	y
9	88.475523	15.069239	88.965603	15.272236	y
10	88.965603	15.272236	89.386444	15.595159	y
11	89.386444	15.595159	89.709367	16.016000	y
12	89.709367	16.016000	89.912364	16.506080	y
13	89.912364	16.506080	89.981603	17.031159	y
14	89.981603	17.031159	90.008394	50.974881	y
15	90.008394	50.974881	89.939717	51.501044	y
16	89.939717	51.501044	89.737197	51.991504	y
17	89.737197	51.991504	89.414637	52.412836	y
18	89.414637	52.412836	88.994020	52.736327	y
19	88.994020	52.736327	88.504009	52.939931	y
20	88.504009	52.939931	87.977998	53.009774	y
21	87.977998	53.009774	87.976169	53.009775	y
22	87.976169	53.009775	2.031775	53.000225	y
23	2.031775	53.000225	1.506643	52.931945	y
24	1.506643	52.931945	1.017078	52.730080	y
25	1.017078	52.730080	0.596441	52.408384	y
26	0.596441	52.408384	0.273397	51.988782	y
27	0.273397	51.988782	0.069962	51.499867	y
28	0.069962	51.499867	-0.000001	50.974958	y
29	-0.000001	50.974958	0.000000	50.968225	y
***************
LAYER 114 IDFDebug;SET COLOR_LAYER 114 red;CIRCLE (0.000000 50.968225) (2.000000 50.968225);change width 0.01;
SET Wire_Bend 2;
WIRE ( 0.000000 50.968225) (0.000000 17.032000);WIRE ( 0.000000 17.032000) (0.069239 16.506080);WIRE ( 0.069239 16.506080) (0.272236 16.016000);WIRE ( 0.272236 16.016000) (0.595159 15.595159);WIRE ( 0.595159 15.595159) (1.016000 15.272236);WIRE ( 1.016000 15.272236) (1.506080 15.069239);WIRE ( 1.506080 15.069239) (2.032000 15.000000);WIRE ( 2.032000 15.000000) (87.949603 15.000000);WIRE ( 87.949603 15.000000) (88.475523 15.069239);WIRE ( 88.475523 15.069239) (88.965603 15.272236);WIRE ( 88.965603 15.272236) (89.386444 15.595159);WIRE ( 89.386444 15.595159) (89.709367 16.016000);WIRE ( 89.709367 16.016000) (89.912364 16.506080);WIRE ( 89.912364 16.506080) (89.981603 17.031159);WIRE ( 89.981603 17.031159) (90.008394 50.974881);WIRE ( 90.008394 50.974881) (89.939717 51.501044);WIRE ( 89.939717 51.501044) (89.737197 51.991504);WIRE ( 89.737197 51.991504) (89.414637 52.412836);WIRE ( 89.414637 52.412836) (88.994020 52.736327);WIRE ( 88.994020 52.736327) (88.504009 52.939931);WIRE ( 88.504009 52.939931) (87.977998 53.009774);WIRE ( 87.977998 53.009774) (87.976169 53.009775);WIRE ( 87.976169 53.009775) (2.031775 53.000225);WIRE ( 2.031775 53.000225) (1.506643 52.931945);WIRE ( 1.506643 52.931945) (1.017078 52.730080);WIRE ( 1.017078 52.730080) (0.596441 52.408384);WIRE ( 0.596441 52.408384) (0.273397 51.988782);WIRE ( 0.273397 51.988782) (0.069962 51.499867);WIRE ( 0.069962 51.499867) (-0.000001 50.974958);WIRE ( -0.000001 50.974958) (0.000000 50.968225);DISPLAY NONE;DISPLAY 20 114;WINDOW FIT;***************
.BOARD_OUTLINE UNOWNED
1.6
0     0.000000     50.968225     0
0     0.000000     17.032000     0
0     0.069239     16.506080     0
0     0.272236     16.016000     0
0     0.595159     15.595159     0
0     1.016000     15.272236     0
0     1.506080     15.069239     0
0     2.032000     15.000000     0
0     87.949603     15.000000     0
0     88.475523     15.069239     0
0     88.965603     15.272236     0
0     89.386444     15.595159     0
0     89.709367     16.016000     0
0     89.912364     16.506080     0
0     89.981603     17.031159     0
0     90.008394     50.974881     0
0     89.939717     51.501044     0
0     89.737197     51.991504     0
0     89.414637     52.412836     0
0     88.994020     52.736327     0
0     88.504009     52.939931     0
0     87.977998     53.009774     0
0     87.976169     53.009775     0
0     2.031775     53.000225     0
0     1.506643     52.931945     0
0     1.017078     52.730080     0
0     0.596441     52.408384     0
0     0.273397     51.988782     0
0     0.069962     51.499867     0
0     0.000000     50.968225     0
1     -0.000001     50.974958     0
