########### array before sorts ###########
0	0.101600	35.981297	0.101600	2.161356	n
1	0.101600	2.161356	0.172983	1.619149	n
2	0.172983	1.619149	0.382267	1.113892	n
3	0.382267	1.113892	0.715190	0.680018	n
4	0.715190	0.680018	1.149064	0.347095	n
5	1.149064	0.347095	1.654321	0.137811	n
6	1.654321	0.137811	2.196156	0.066428	n
7	2.196156	0.066428	87.184409	0.051309	n
8	87.184409	0.051309	87.925122	0.149039	n
9	87.925122	0.149039	88.615301	0.435150	n
10	88.615301	0.435150	89.207912	0.890143	n
11	89.207912	0.890143	89.662570	1.483011	n
12	89.662570	1.483011	89.948289	2.173352	n
13	89.948289	2.173352	90.045600	2.911991	n
14	90.045600	2.911991	90.045600	35.858787	n
15	90.045600	35.858787	89.970091	36.432334	n
16	89.970091	36.432334	89.748711	36.966794	n
17	89.748711	36.966794	89.396545	37.425745	n
18	89.396545	37.425745	88.937594	37.777911	n
19	88.937594	37.777911	88.403134	37.999291	n
20	88.403134	37.999291	87.829588	38.074800	n
21	87.829588	38.074800	2.195103	38.074800	n
22	2.195103	38.074800	1.653265	38.003466	n
23	1.653265	38.003466	1.148352	37.794324	n
24	1.148352	37.794324	0.714773	37.461627	n
25	0.714773	37.461627	0.382076	37.028048	n
26	0.382076	37.028048	0.172934	36.523135	n
27	0.172934	36.523135	0.101600	35.981297	n
Tolerance=0.050000.
*Exact match for i=0 and j=1.
*i point 0.101600	35.981297	0.101600	2.161356	y
*Exact match for i=1 and j=2.
*i point 0.101600	2.161356	0.172983	1.619149	y
*Exact match for i=2 and j=3.
*i point 0.172983	1.619149	0.382267	1.113892	y
*Exact match for i=3 and j=4.
*i point 0.382267	1.113892	0.715190	0.680018	y
*Exact match for i=4 and j=5.
*i point 0.715190	0.680018	1.149064	0.347095	y
*Exact match for i=5 and j=6.
*i point 1.149064	0.347095	1.654321	0.137811	y
*Exact match for i=6 and j=7.
*i point 1.654321	0.137811	2.196156	0.066428	y
*Exact match for i=7 and j=8.
*i point 2.196156	0.066428	87.184409	0.051309	y
*Exact match for i=8 and j=9.
*i point 87.184409	0.051309	87.925122	0.149039	y
*Exact match for i=9 and j=10.
*i point 87.925122	0.149039	88.615301	0.435150	y
*Exact match for i=10 and j=11.
*i point 88.615301	0.435150	89.207912	0.890143	y
*Exact match for i=11 and j=12.
*i point 89.207912	0.890143	89.662570	1.483011	y
*Exact match for i=12 and j=13.
*i point 89.662570	1.483011	89.948289	2.173352	y
*Exact match for i=13 and j=14.
*i point 89.948289	2.173352	90.045600	2.911991	y
*Exact match for i=14 and j=15.
*i point 90.045600	2.911991	90.045600	35.858787	y
*Exact match for i=15 and j=16.
*i point 90.045600	35.858787	89.970091	36.432334	y
*Exact match for i=16 and j=17.
*i point 89.970091	36.432334	89.748711	36.966794	y
*Exact match for i=17 and j=18.
*i point 89.748711	36.966794	89.396545	37.425745	y
*Exact match for i=18 and j=19.
*i point 89.396545	37.425745	88.937594	37.777911	y
*Exact match for i=19 and j=20.
*i point 88.937594	37.777911	88.403134	37.999291	y
*Exact match for i=20 and j=21.
*i point 88.403134	37.999291	87.829588	38.074800	y
*Exact match for i=21 and j=22.
*i point 87.829588	38.074800	2.195103	38.074800	y
*Exact match for i=22 and j=23.
*i point 2.195103	38.074800	1.653265	38.003466	y
*Exact match for i=23 and j=24.
*i point 1.653265	38.003466	1.148352	37.794324	y
*Exact match for i=24 and j=25.
*i point 1.148352	37.794324	0.714773	37.461627	y
*Exact match for i=25 and j=26.
*i point 0.714773	37.461627	0.382076	37.028048	y
*Exact match for i=26 and j=27.
*i point 0.382076	37.028048	0.172934	36.523135	y
########### array after sorts ###########
0	0.101600	35.981297	0.101600	2.161356	y
1	0.101600	2.161356	0.172983	1.619149	y
2	0.172983	1.619149	0.382267	1.113892	y
3	0.382267	1.113892	0.715190	0.680018	y
4	0.715190	0.680018	1.149064	0.347095	y
5	1.149064	0.347095	1.654321	0.137811	y
6	1.654321	0.137811	2.196156	0.066428	y
7	2.196156	0.066428	87.184409	0.051309	y
8	87.184409	0.051309	87.925122	0.149039	y
9	87.925122	0.149039	88.615301	0.435150	y
10	88.615301	0.435150	89.207912	0.890143	y
11	89.207912	0.890143	89.662570	1.483011	y
12	89.662570	1.483011	89.948289	2.173352	y
13	89.948289	2.173352	90.045600	2.911991	y
14	90.045600	2.911991	90.045600	35.858787	y
15	90.045600	35.858787	89.970091	36.432334	y
16	89.970091	36.432334	89.748711	36.966794	y
17	89.748711	36.966794	89.396545	37.425745	y
18	89.396545	37.425745	88.937594	37.777911	y
19	88.937594	37.777911	88.403134	37.999291	y
20	88.403134	37.999291	87.829588	38.074800	y
21	87.829588	38.074800	2.195103	38.074800	y
22	2.195103	38.074800	1.653265	38.003466	y
23	1.653265	38.003466	1.148352	37.794324	y
24	1.148352	37.794324	0.714773	37.461627	y
25	0.714773	37.461627	0.382076	37.028048	y
26	0.382076	37.028048	0.172934	36.523135	y
27	0.172934	36.523135	0.101600	35.981297	y
***************
.BOARD_OUTLINE UNOWNED
1.6
0     0.101600     35.981297     0
0     0.101600     2.161356     0
0     0.172983     1.619149     0
0     0.382267     1.113892     0
0     0.715190     0.680018     0
0     1.149064     0.347095     0
0     1.654321     0.137811     0
0     2.196156     0.066428     0
0     87.184409     0.051309     0
0     87.925122     0.149039     0
0     88.615301     0.435150     0
0     89.207912     0.890143     0
0     89.662570     1.483011     0
0     89.948289     2.173352     0
0     90.045600     2.911991     0
0     90.045600     35.858787     0
0     89.970091     36.432334     0
0     89.748711     36.966794     0
0     89.396545     37.425745     0
0     88.937594     37.777911     0
0     88.403134     37.999291     0
0     87.829588     38.074800     0
0     2.195103     38.074800     0
0     1.653265     38.003466     0
0     1.148352     37.794324     0
0     0.714773     37.461627     0
0     0.382076     37.028048     0
0     0.172934     36.523135     0
0     0.101600     35.981297     0
